#
# A fatal error has been detected by the Java Runtime Environment:
#
#  SIGSEGV (0xb) at pc=0x6b8c8a72, pid=5363, tid=1830042432
#
# JRE version: Java(TM) SE Runtime Environment (7.0_40-b43) (build 1.7.0_40-b43)
# Java VM: Java HotSpot(TM) Server VM (24.0-b56 mixed mode linux-x86 )
# Problematic frame:
# C  [libopenal.so+0x1aa72]  alcCreateContext+0xd2
#
# Failed to write core dump. Core dumps have been disabled. To enable core dumping, try "ulimit -c unlimited" before starting Java again
#
# If you would like to submit a bug report, please visit:
#   http://bugreport.sun.com/bugreport/crash.jsp
# The crash happened outside the Java Virtual Machine in native code.
# See problematic frame for where to report the bug.
#

---------------  T H R E A D  ---------------

Current thread (0x6d484400):  JavaThread "AWT-EventQueue-0" [_thread_in_native, id=5387, stack(0x6d0f3000,0x6d144000)]

siginfo:si_signo=SIGSEGV: si_errno=0, si_code=2 (SEGV_ACCERR), si_addr=0x6b4fd004

Registers:
EAX=0x6b4fd004, EBX=0x6b8f9ff4, ECX=0x000000ff, EDX=0x00000001
ESP=0x6d140fe0, EBP=0x6b4fcffc, ESI=0x6b4d4af8, EDI=0x00000001
EIP=0x6b8c8a72, EFLAGS=0x00210293, CR2=0x6b4fd004

Top of Stack: (sp=0x6d140fe0)
0x6d140fe0:   00000000 093abb58 093abb58 093abb48
0x6d140ff0:   093abb48 fffffffe 00000000 00000000
0x6d141000:   00000000 b70325e8 703c8958 00000004
0x6d141010:   00000000 00000000 00014cd7 00000000
0x6d141020:   0000000d 093abb38 00000000 7103d348
0x6d141030:   b6a6589e 000000ff b6f09336 6d14104c
0x6d141040:   b70c9c10 6d1412f0 6d482ea0 6d14108c
0x6d141050:   b6c8137e 00000004 0000ac44 6d1410f4 

Instructions: (pc=0x6b8c8a72)
0x6b8c8a52:   8d b6 00 00 00 00 8b 55 00 81 fa 11 10 00 00 74
0x6b8c8a62:   3b 81 fa 03 00 02 00 75 07 8b 50 fc 89 54 24 74
0x6b8c8a72:   8b 10 89 c5 83 c0 08 85 d2 74 3a 81 fa 07 10 00
0x6b8c8a82:   00 75 d3 8b 50 fc 89 54 24 78 83 8e cc 00 00 00 

Register to memory mapping:

EAX=0x6b4fd004 is an unknown value
EBX=0x6b8f9ff4: <offset 0x4bff4> in ./natives/libopenal.so at 0x6b8ae000
ECX=0x000000ff is an unknown value
EDX=0x00000001 is an unknown value
ESP=0x6d140fe0 is pointing into the stack for thread: 0x6d484400
EBP=0x6b4fcffc is an unknown value
ESI=0x6b4d4af8 is an unknown value
EDI=0x00000001 is an unknown value


Stack: [0x6d0f3000,0x6d144000],  sp=0x6d140fe0,  free space=311k
Native frames: (J=compiled Java code, j=interpreted, Vv=VM code, C=native code)
C  [libopenal.so+0x1aa72]  alcCreateContext+0xd2

Java frames: (J=compiled Java code, j=interpreted, Vv=VM code)
j  org.lwjgl.openal.ALC10.nalcCreateContext(JJ)J+0
j  org.lwjgl.openal.ALC10.alcCreateContext(Lorg/lwjgl/openal/ALCdevice;Ljava/nio/IntBuffer;)Lorg/lwjgl/openal/ALCcontext;+8
j  org.lwjgl.openal.AL.init(Ljava/lang/String;IIZZ)V+69
j  org.lwjgl.openal.AL.create(Ljava/lang/String;IIZZ)V+227
j  org.lwjgl.openal.AL.create(Ljava/lang/String;IIZ)V+5
j  org.lwjgl.openal.AL.create()V+6
j  org.newdawn.slick.openal.SoundStore$1.run()Ljava/lang/Object;+0
v  ~StubRoutines::call_stub
j  java.security.AccessController.doPrivileged(Ljava/security/PrivilegedAction;)Ljava/lang/Object;+0
j  org.newdawn.slick.openal.SoundStore.init()V+26
j  org.newdawn.slick.openal.AudioLoader.init()V+9
j  org.newdawn.slick.openal.AudioLoader.getAudio(Ljava/lang/String;Ljava/io/InputStream;)Lorg/newdawn/slick/openal/Audio;+0
j  pewpew.Guns.BulletNormal.<clinit>()V+29
v  ~StubRoutines::call_stub
j  pewpew.Player.ChangeBulletType(B)V+65
j  pewpew.Player.<init>()V+261
j  pewpew.GameStates.StandardGame.<init>()V+91
j  pewpew.GameStates.MainGame.initStatesList(Lorg/newdawn/slick/GameContainer;)V+5
j  org.newdawn.slick.state.StateBasedGame.init(Lorg/newdawn/slick/GameContainer;)V+7
j  org.newdawn.slick.AppGameContainer.setup()V+170
j  org.newdawn.slick.AppGameContainer.start()V+1
j  pewpew.GameStates.StartScreen.InitiateLevelMode()V+40
j  pewpew.GameStates.StartScreen.actionPerformed(Ljava/awt/event/ActionEvent;)V+141
j  javax.swing.AbstractButton.fireActionPerformed(Ljava/awt/event/ActionEvent;)V+84
j  javax.swing.AbstractButton$Handler.actionPerformed(Ljava/awt/event/ActionEvent;)V+5
j  javax.swing.DefaultButtonModel.fireActionPerformed(Ljava/awt/event/ActionEvent;)V+35
j  javax.swing.DefaultButtonModel.setPressed(Z)V+117
j  javax.swing.plaf.basic.BasicButtonListener.mouseReleased(Ljava/awt/event/MouseEvent;)V+35
j  java.awt.Component.processMouseEvent(Ljava/awt/event/MouseEvent;)V+64
j  javax.swing.JComponent.processMouseEvent(Ljava/awt/event/MouseEvent;)V+23
j  java.awt.Component.processEvent(Ljava/awt/AWTEvent;)V+81
j  java.awt.Container.processEvent(Ljava/awt/AWTEvent;)V+18
j  java.awt.Component.dispatchEventImpl(Ljava/awt/AWTEvent;)V+581
j  java.awt.Container.dispatchEventImpl(Ljava/awt/AWTEvent;)V+42
j  java.awt.Component.dispatchEvent(Ljava/awt/AWTEvent;)V+2
j  java.awt.LightweightDispatcher.retargetMouseEvent(Ljava/awt/Component;ILjava/awt/event/MouseEvent;)V+327
j  java.awt.LightweightDispatcher.processMouseEvent(Ljava/awt/event/MouseEvent;)Z+139
j  java.awt.LightweightDispatcher.dispatchEvent(Ljava/awt/AWTEvent;)Z+50
j  java.awt.Container.dispatchEventImpl(Ljava/awt/AWTEvent;)V+12
j  java.awt.Window.dispatchEventImpl(Ljava/awt/AWTEvent;)V+19
j  java.awt.Component.dispatchEvent(Ljava/awt/AWTEvent;)V+2
j  java.awt.EventQueue.dispatchEventImpl(Ljava/awt/AWTEvent;Ljava/lang/Object;)V+41
j  java.awt.EventQueue.access$200(Ljava/awt/EventQueue;Ljava/awt/AWTEvent;Ljava/lang/Object;)V+3
j  java.awt.EventQueue$3.run()Ljava/lang/Void;+12
j  java.awt.EventQueue$3.run()Ljava/lang/Object;+1
v  ~StubRoutines::call_stub
j  java.security.AccessController.doPrivileged(Ljava/security/PrivilegedAction;Ljava/security/AccessControlContext;)Ljava/lang/Object;+0
j  java.security.ProtectionDomain$1.doIntersectionPrivilege(Ljava/security/PrivilegedAction;Ljava/security/AccessControlContext;Ljava/security/AccessControlContext;)Ljava/lang/Object;+28
j  java.security.ProtectionDomain$1.doIntersectionPrivilege(Ljava/security/PrivilegedAction;Ljava/security/AccessControlContext;)Ljava/lang/Object;+6
j  java.awt.EventQueue$4.run()Ljava/lang/Void;+11
j  java.awt.EventQueue$4.run()Ljava/lang/Object;+1
v  ~StubRoutines::call_stub
j  java.security.AccessController.doPrivileged(Ljava/security/PrivilegedAction;Ljava/security/AccessControlContext;)Ljava/lang/Object;+0
j  java.security.ProtectionDomain$1.doIntersectionPrivilege(Ljava/security/PrivilegedAction;Ljava/security/AccessControlContext;Ljava/security/AccessControlContext;)Ljava/lang/Object;+28
j  java.awt.EventQueue.dispatchEvent(Ljava/awt/AWTEvent;)V+73
j  java.awt.EventDispatchThread.pumpOneEventForFilters(I)V+245
j  java.awt.EventDispatchThread.pumpEventsForFilter(ILjava/awt/Conditional;Ljava/awt/EventFilter;)V+35
j  java.awt.EventDispatchThread.pumpEventsForHierarchy(ILjava/awt/Conditional;Ljava/awt/Component;)V+11
j  java.awt.EventDispatchThread.pumpEvents(ILjava/awt/Conditional;)V+4
j  java.awt.EventDispatchThread.pumpEvents(Ljava/awt/Conditional;)V+3
j  java.awt.EventDispatchThread.run()V+9
v  ~StubRoutines::call_stub

---------------  P R O C E S S  ---------------

Java Threads: ( => current thread )
  0x6b4c0400 JavaThread "Thread-1" daemon [_thread_blocked, id=5395, stack(0x6c332000,0x6c383000)]
  0x6ca3b000 JavaThread "process reaper" daemon [_thread_blocked, id=5392, stack(0x6cd12000,0x6cd2b000)]
  0x704d5000 JavaThread "process reaper" daemon [_thread_blocked, id=5390, stack(0x6cd34000,0x6cd4d000)]
  0xb6608c00 JavaThread "DestroyJavaVM" [_thread_blocked, id=5365, stack(0xb678a000,0xb67db000)]
  0x70402400 JavaThread "org.netbeans.modules.debugger.jpda.visual AWT Access Loop" daemon [_thread_blocked, id=5388, stack(0x6d0a2000,0x6d0f3000)]
=>0x6d484400 JavaThread "AWT-EventQueue-0" [_thread_in_native, id=5387, stack(0x6d0f3000,0x6d144000)]
  0x6d482000 JavaThread "AWT-Shutdown" [_thread_blocked, id=5386, stack(0x6d144000,0x6d195000)]
  0x6d426400 JavaThread "AWT-XAWT" daemon [_thread_in_native, id=5385, stack(0x6d195000,0x6d1e6000)]
  0x6d411000 JavaThread "Java2D Disposer" daemon [_thread_blocked, id=5384, stack(0x6d1f7000,0x6d248000)]
  0x6d93d800 JavaThread "Service Thread" daemon [_thread_blocked, id=5382, stack(0x6d669000,0x6d6ba000)]
  0x6d933800 JavaThread "C2 CompilerThread1" daemon [_thread_blocked, id=5381, stack(0x6d6ba000,0x6d73b000)]
  0x6d930c00 JavaThread "C2 CompilerThread0" daemon [_thread_blocked, id=5380, stack(0x6d73b000,0x6d7bc000)]
  0x093a7c00 JavaThread "JDWP Command Reader" daemon [_thread_in_native, id=5378, stack(0x6d7bc000,0x6d80d000)]
  0x6d92f000 JavaThread "JDWP Event Helper Thread" daemon [_thread_blocked, id=5377, stack(0x6d80d000,0x6d85e000)]
  0x6d92c800 JavaThread "JDWP Transport Listener: dt_socket" daemon [_thread_blocked, id=5374, stack(0x6d85e000,0x6d8af000)]
  0x6d923c00 JavaThread "Signal Dispatcher" daemon [_thread_blocked, id=5373, stack(0x6d8af000,0x6d900000)]
  0x6d914800 JavaThread "Finalizer" daemon [_thread_blocked, id=5372, stack(0x70303000,0x70354000)]
  0x6d912000 JavaThread "Reference Handler" daemon [_thread_blocked, id=5371, stack(0x70354000,0x703a5000)]

Other Threads:
  0x6d910800 VMThread [stack: 0x6da0f000,0x6da90000] [id=5370]
  0x6d93f400 WatcherThread [stack: 0x6d5e8000,0x6d669000] [id=5383]

VM state:not at safepoint (normal execution)

VM Mutex/Monitor currently owned by a thread: None

Heap
 PSYoungGen      total 18944K, used 10407K [0x9e400000, 0x9f900000, 0xb3180000)
  eden space 16384K, 63% used [0x9e400000,0x9ee29c20,0x9f400000)
  from space 2560K, 0% used [0x9f680000,0x9f680000,0x9f900000)
  to   space 2560K, 0% used [0x9f400000,0x9f400000,0x9f680000)
 ParOldGen       total 42496K, used 0K [0x74980000, 0x77300000, 0x9e400000)
  object space 42496K, 0% used [0x74980000,0x74980000,0x77300000)
 PSPermGen       total 16384K, used 7931K [0x70980000, 0x71980000, 0x74980000)
  object space 16384K, 48% used [0x70980000,0x7113ef90,0x71980000)

Card table byte_map: [0x7076b000,0x70980000] byte_map_base: 0x703e6400

Polling page: 0xb76f0000

Code Cache  [0xb3274000, 0xb34b4000, 0xb6274000)
 total_blobs=332 nmethods=48 adapters=247 free_code_cache=48698Kb largest_free_block=49846208

Compilation events (10 events):
Event: 1.878 Thread 0x6d930c00 nmethod 43 0xb32e1848 code [0xb32e1960, 0xb32e1c10]
Event: 1.878 Thread 0x6d930c00   44             java.util.StringTokenizer::skipDelimiters (116 bytes)
Event: 1.885 Thread 0x6d930c00 nmethod 44 0xb32d1188 code [0xb32d12e0, 0xb32d1730]
Event: 1.885 Thread 0x6d930c00   45             sun.nio.cs.UTF_8$Decoder::decode (640 bytes)
Event: 1.885 Thread 0x6d933800 nmethod 40 0xb32dcc08 code [0xb32dcda0, 0xb32dd300]
Event: 1.923 Thread 0x6d933800   46             java.nio.DirectByteBuffer::put (18 bytes)
Event: 1.924 Thread 0x6d933800 nmethod 46 0xb32e2448 code [0xb32e2540, 0xb32e25b0]
Event: 1.928 Thread 0x6d930c00 nmethod 45 0xb32e5a88 code [0xb32e5d60, 0xb32e6c98]
Event: 1.939 Thread 0x6d933800   48             java.lang.AbstractStringBuilder::ensureCapacityInternal (16 bytes)
Event: 1.947 Thread 0x6d933800 nmethod 48 0xb32e8ac8 code [0xb32e8bc0, 0xb32e8dd0]

GC Heap History (0 events):
No events

Deoptimization events (0 events):
No events

Internal exceptions (10 events):
Event: 1.939 Thread 0x6d484400 Threw 0x9edcb1a0 at /HUDSON/workspace/jdk7u40-2-build-linux-i586-product/jdk7u40/hotspot/src/share/vm/prims/jvm.cpp:1244
Event: 1.939 Thread 0x6d484400 Threw 0x9edcc000 at /HUDSON/workspace/jdk7u40-2-build-linux-i586-product/jdk7u40/hotspot/src/share/vm/prims/jvm.cpp:1244
Event: 1.939 Thread 0x6d484400 Threw 0x9edccdc8 at /HUDSON/workspace/jdk7u40-2-build-linux-i586-product/jdk7u40/hotspot/src/share/vm/prims/jni.cpp:743
Event: 1.940 Thread 0x6d484400 Threw 0x9edcd3a0 at /HUDSON/workspace/jdk7u40-2-build-linux-i586-product/jdk7u40/hotspot/src/share/vm/prims/jni.cpp:743
Event: 1.940 Thread 0x6d484400 Threw 0x9edcd9b0 at /HUDSON/workspace/jdk7u40-2-build-linux-i586-product/jdk7u40/hotspot/src/share/vm/prims/jni.cpp:743
Event: 1.940 Thread 0x6d484400 Threw 0x9edce250 at /HUDSON/workspace/jdk7u40-2-build-linux-i586-product/jdk7u40/hotspot/src/share/vm/prims/jvm.cpp:1244
Event: 1.942 Thread 0x6d484400 Threw 0x9edd80e0 at /HUDSON/workspace/jdk7u40-2-build-linux-i586-product/jdk7u40/hotspot/src/share/vm/prims/jvm.cpp:1244
Event: 1.958 Thread 0x6d484400 Threw 0x9edddbc0 at /HUDSON/workspace/jdk7u40-2-build-linux-i586-product/jdk7u40/hotspot/src/share/vm/prims/jvm.cpp:1244
Event: 1.959 Thread 0x6d484400 Threw 0x9ede0a08 at /HUDSON/workspace/jdk7u40-2-build-linux-i586-product/jdk7u40/hotspot/src/share/vm/prims/jvm.cpp:1244
Event: 1.960 Thread 0x6d484400 Threw 0x9ede3208 at /HUDSON/workspace/jdk7u40-2-build-linux-i586-product/jdk7u40/hotspot/src/share/vm/prims/jvm.cpp:1244

Events (10 events):
Event: 1.940 loading class 0x6b7c5500
Event: 1.940 loading class 0x6b7c5500 done
Event: 1.942 loading class 0x6b4b9d40
Event: 1.942 loading class 0x6b4b9d40 done
Event: 1.958 loading class 0x6b4cfd48
Event: 1.958 loading class 0x6b4cfd48 done
Event: 1.959 loading class 0x6b4b9ec8
Event: 1.959 loading class 0x6b4b9ec8 done
Event: 1.959 loading class 0x6b4cfd78
Event: 1.959 loading class 0x6b4cfd78 done


Dynamic libraries:
08048000-08049000 r-xp 00000000 08:05 553117     /usr/lib/jvm/java-7-oracle/bin/java
08049000-0804a000 rw-p 00000000 08:05 553117     /usr/lib/jvm/java-7-oracle/bin/java
093a6000-09543000 rw-p 00000000 00:00 0          [heap]
667ff000-6a800000 rw-s 00000000 00:12 95209      /run/shm/pulse-shm-4033785257
6a800000-6a826000 rw-p 00000000 00:00 0 
6a826000-6a900000 ---p 00000000 00:00 0 
6a99c000-6a99d000 ---p 00000000 00:00 0 
6a99d000-6b19d000 rw-p 00000000 00:00 0 
6b19d000-6b1c6000 r-xp 00000000 08:05 266746     /usr/lib/i386-linux-gnu/libvorbis.so.0.4.5
6b1c6000-6b1c7000 r--p 00028000 08:05 266746     /usr/lib/i386-linux-gnu/libvorbis.so.0.4.5
6b1c7000-6b1c8000 rw-p 00029000 08:05 266746     /usr/lib/i386-linux-gnu/libvorbis.so.0.4.5
6b1c8000-6b32e000 r-xp 00000000 08:05 266748     /usr/lib/i386-linux-gnu/libvorbisenc.so.2.0.8
6b32e000-6b33f000 r--p 00165000 08:05 266748     /usr/lib/i386-linux-gnu/libvorbisenc.so.2.0.8
6b33f000-6b340000 rw-p 00176000 08:05 266748     /usr/lib/i386-linux-gnu/libvorbisenc.so.2.0.8
6b340000-6b38c000 r-xp 00000000 08:05 266121     /usr/lib/i386-linux-gnu/libFLAC.so.8.2.0
6b38c000-6b38d000 r--p 0004b000 08:05 266121     /usr/lib/i386-linux-gnu/libFLAC.so.8.2.0
6b38d000-6b38e000 rw-p 0004c000 08:05 266121     /usr/lib/i386-linux-gnu/libFLAC.so.8.2.0
6b38e000-6b3fa000 r-xp 00000000 08:05 266683     /usr/lib/i386-linux-gnu/libsndfile.so.1.0.25
6b3fa000-6b3fb000 r--p 0006c000 08:05 266683     /usr/lib/i386-linux-gnu/libsndfile.so.1.0.25
6b3fb000-6b3fc000 rw-p 0006d000 08:05 266683     /usr/lib/i386-linux-gnu/libsndfile.so.1.0.25
6b3fc000-6b400000 rw-p 00000000 00:00 0 
6b400000-6b4fd000 rw-p 00000000 00:00 0 
6b4fd000-6b500000 ---p 00000000 00:00 0 
6b504000-6b517000 r-xp 00000000 08:05 1182002    /lib/i386-linux-gnu/libresolv-2.15.so
6b517000-6b518000 ---p 00013000 08:05 1182002    /lib/i386-linux-gnu/libresolv-2.15.so
6b518000-6b519000 r--p 00013000 08:05 1182002    /lib/i386-linux-gnu/libresolv-2.15.so
6b519000-6b51a000 rw-p 00014000 08:05 1182002    /lib/i386-linux-gnu/libresolv-2.15.so
6b51a000-6b51c000 rw-p 00000000 00:00 0 
6b51c000-6b57f000 r-xp 00000000 08:05 263617     /usr/lib/i386-linux-gnu/libpulsecommon-1.1.so
6b57f000-6b580000 r--p 00062000 08:05 263617     /usr/lib/i386-linux-gnu/libpulsecommon-1.1.so
6b580000-6b581000 rw-p 00063000 08:05 263617     /usr/lib/i386-linux-gnu/libpulsecommon-1.1.so
6b581000-6b700000 rw-p 00000000 00:00 0 
6b700000-6b7fe000 rw-p 00000000 00:00 0 
6b7fe000-6b800000 ---p 00000000 00:00 0 
6b80f000-6b815000 r-xp 00000000 08:05 266588     /usr/lib/i386-linux-gnu/libogg.so.0.7.1
6b815000-6b816000 r--p 00005000 08:05 266588     /usr/lib/i386-linux-gnu/libogg.so.0.7.1
6b816000-6b817000 rw-p 00006000 08:05 266588     /usr/lib/i386-linux-gnu/libogg.so.0.7.1
6b817000-6b85e000 r-xp 00000000 08:05 1182220    /lib/i386-linux-gnu/libdbus-1.so.3.5.8
6b85e000-6b85f000 r--p 00047000 08:05 1182220    /lib/i386-linux-gnu/libdbus-1.so.3.5.8
6b85f000-6b860000 rw-p 00048000 08:05 1182220    /lib/i386-linux-gnu/libdbus-1.so.3.5.8
6b860000-6b8ac000 r-xp 00000000 08:05 262099     /usr/lib/i386-linux-gnu/libpulse.so.0.13.5
6b8ac000-6b8ad000 r--p 0004b000 08:05 262099     /usr/lib/i386-linux-gnu/libpulse.so.0.13.5
6b8ad000-6b8ae000 rw-p 0004c000 08:05 262099     /usr/lib/i386-linux-gnu/libpulse.so.0.13.5
6b8ae000-6b8f9000 r-xp 00000000 08:05 2141329    /home/michael/Desktop/programs/JavaPrograms/PewPew/natives/libopenal.so
6b8f9000-6b8fa000 r--p 0004b000 08:05 2141329    /home/michael/Desktop/programs/JavaPrograms/PewPew/natives/libopenal.so
6b8fa000-6b8fb000 rw-p 0004c000 08:05 2141329    /home/michael/Desktop/programs/JavaPrograms/PewPew/natives/libopenal.so
6b8fb000-6c200000 rw-p 00000000 00:00 0 
6c200000-6c2fc000 rw-p 00000000 00:00 0 
6c2fc000-6c300000 ---p 00000000 00:00 0 
6c300000-6c305000 r-xp 00000000 08:05 266235     /usr/lib/i386-linux-gnu/libasyncns.so.0.3.1
6c305000-6c306000 r--p 00004000 08:05 266235     /usr/lib/i386-linux-gnu/libasyncns.so.0.3.1
6c306000-6c307000 rw-p 00005000 08:05 266235     /usr/lib/i386-linux-gnu/libasyncns.so.0.3.1
6c307000-6c30f000 r-xp 00000000 08:05 1178494    /lib/i386-linux-gnu/libwrap.so.0.7.6
6c30f000-6c310000 r--p 00007000 08:05 1178494    /lib/i386-linux-gnu/libwrap.so.0.7.6
6c310000-6c311000 rw-p 00008000 08:05 1178494    /lib/i386-linux-gnu/libwrap.so.0.7.6
6c311000-6c317000 r-xp 00000000 08:05 266522     /usr/lib/i386-linux-gnu/libjson.so.0.0.1
6c317000-6c318000 r--p 00005000 08:05 266522     /usr/lib/i386-linux-gnu/libjson.so.0.0.1
6c318000-6c319000 rw-p 00006000 08:05 266522     /usr/lib/i386-linux-gnu/libjson.so.0.0.1
6c332000-6c335000 ---p 00000000 00:00 0 
6c335000-6c383000 rw-p 00000000 00:00 0 
6c383000-6c3c3000 rw-s 1940f000 00:05 7852       /dev/dri/card0
6c3c3000-6c3d7000 r-xp 00000000 08:05 1178496    /lib/i386-linux-gnu/libz.so.1.2.3.4
6c3d7000-6c3d8000 r--p 00013000 08:05 1178496    /lib/i386-linux-gnu/libz.so.1.2.3.4
6c3d8000-6c3d9000 rw-p 00014000 08:05 1178496    /lib/i386-linux-gnu/libz.so.1.2.3.4
6c3d9000-6c4b1000 r-xp 00000000 08:05 266705     /usr/lib/i386-linux-gnu/libstdc++.so.6.0.16
6c4b1000-6c4b2000 ---p 000d8000 08:05 266705     /usr/lib/i386-linux-gnu/libstdc++.so.6.0.16
6c4b2000-6c4b6000 r--p 000d8000 08:05 266705     /usr/lib/i386-linux-gnu/libstdc++.so.6.0.16
6c4b6000-6c4b7000 rw-p 000dc000 08:05 266705     /usr/lib/i386-linux-gnu/libstdc++.so.6.0.16
6c4b7000-6c4be000 rw-p 00000000 00:00 0 
6c4be000-6c4df000 r-xp 00000000 08:05 263248     /usr/lib/i386-linux-gnu/libdrm_intel.so.1.0.0
6c4df000-6c4e0000 r--p 00020000 08:05 263248     /usr/lib/i386-linux-gnu/libdrm_intel.so.1.0.0
6c4e0000-6c4e1000 rw-p 00021000 08:05 263248     /usr/lib/i386-linux-gnu/libdrm_intel.so.1.0.0
6c4e1000-6c507000 r-xp 00000000 08:05 1181897    /lib/i386-linux-gnu/libexpat.so.1.5.2
6c507000-6c508000 ---p 00026000 08:05 1181897    /lib/i386-linux-gnu/libexpat.so.1.5.2
6c508000-6c50a000 r--p 00026000 08:05 1181897    /lib/i386-linux-gnu/libexpat.so.1.5.2
6c50a000-6c50b000 rw-p 00028000 08:05 1181897    /lib/i386-linux-gnu/libexpat.so.1.5.2
6c50b000-6c620000 r-xp 00000000 08:05 269225     /usr/lib/i386-linux-gnu/dri/libglsl.so
6c620000-6c625000 r--p 00114000 08:05 269225     /usr/lib/i386-linux-gnu/dri/libglsl.so
6c625000-6c627000 rw-p 00119000 08:05 269225     /usr/lib/i386-linux-gnu/dri/libglsl.so
6c627000-6c628000 rw-p 00000000 00:00 0 
6c628000-6c884000 r-xp 00000000 08:05 269226     /usr/lib/i386-linux-gnu/dri/libdricore.so
6c884000-6c885000 ---p 0025c000 08:05 269226     /usr/lib/i386-linux-gnu/dri/libdricore.so
6c885000-6c88b000 r--p 0025c000 08:05 269226     /usr/lib/i386-linux-gnu/dri/libdricore.so
6c88b000-6c88d000 rw-p 00262000 08:05 269226     /usr/lib/i386-linux-gnu/dri/libdricore.so
6c88d000-6c8a2000 rw-p 00000000 00:00 0 
6c8a2000-6c97d000 r-xp 00000000 08:05 261834     /usr/lib/i386-linux-gnu/dri/i965_dri.so
6c97d000-6c97f000 r--p 000da000 08:05 261834     /usr/lib/i386-linux-gnu/dri/i965_dri.so
6c97f000-6c981000 rw-p 000dc000 08:05 261834     /usr/lib/i386-linux-gnu/dri/i965_dri.so
6c981000-6c982000 rw-p 00000000 00:00 0 
6c982000-6c98d000 r-xp 00000000 08:05 262987     /usr/lib/i386-linux-gnu/libdrm.so.2.4.0
6c98d000-6c98e000 r--p 0000a000 08:05 262987     /usr/lib/i386-linux-gnu/libdrm.so.2.4.0
6c98e000-6c98f000 rw-p 0000b000 08:05 262987     /usr/lib/i386-linux-gnu/libdrm.so.2.4.0
6c98f000-6c9a5000 r-xp 00000000 08:05 265298     /usr/lib/i386-linux-gnu/libxcb-glx.so.0.0.0
6c9a5000-6c9a6000 r--p 00016000 08:05 265298     /usr/lib/i386-linux-gnu/libxcb-glx.so.0.0.0
6c9a6000-6c9a7000 rw-p 00017000 08:05 265298     /usr/lib/i386-linux-gnu/libxcb-glx.so.0.0.0
6c9a7000-6c9f9000 r-xp 00000000 08:05 263192     /usr/lib/i386-linux-gnu/mesa/libGL.so.1.2
6c9f9000-6c9fb000 r--p 00051000 08:05 263192     /usr/lib/i386-linux-gnu/mesa/libGL.so.1.2
6c9fb000-6ca00000 rwxp 00053000 08:05 263192     /usr/lib/i386-linux-gnu/mesa/libGL.so.1.2
6ca00000-6caff000 rw-p 00000000 00:00 0 
6caff000-6cb00000 ---p 00000000 00:00 0 
6cb00000-6cb08000 rw-s 1945f000 00:05 7852       /dev/dri/card0
6cb08000-6cb17000 r-xp 00000000 08:05 263313     /usr/lib/i386-linux-gnu/libglapi.so.0.0.0
6cb17000-6cb19000 r--p 0000f000 08:05 263313     /usr/lib/i386-linux-gnu/libglapi.so.0.0.0
6cb19000-6cb1e000 rwxp 00011000 08:05 263313     /usr/lib/i386-linux-gnu/libglapi.so.0.0.0
6cb22000-6cb2a000 rw-s 19457000 00:05 7852       /dev/dri/card0
6cb2a000-6cb32000 rw-s 1944f000 00:05 7852       /dev/dri/card0
6cb32000-6cb35000 r-xp 00000000 08:05 2141325    /home/michael/Desktop/programs/JavaPrograms/PewPew/natives/libjinput-linux.so
6cb35000-6cb36000 r--p 00002000 08:05 2141325    /home/michael/Desktop/programs/JavaPrograms/PewPew/natives/libjinput-linux.so
6cb36000-6cb37000 rw-p 00003000 08:05 2141325    /home/michael/Desktop/programs/JavaPrograms/PewPew/natives/libjinput-linux.so
6cb37000-6cb94000 r-xp 00000000 08:05 2141327    /home/michael/Desktop/programs/JavaPrograms/PewPew/natives/liblwjgl.so
6cb94000-6cb95000 r--p 0005c000 08:05 2141327    /home/michael/Desktop/programs/JavaPrograms/PewPew/natives/liblwjgl.so
6cb95000-6cb96000 rw-p 0005d000 08:05 2141327    /home/michael/Desktop/programs/JavaPrograms/PewPew/natives/liblwjgl.so
6cb96000-6cb97000 r-xp 00000000 08:05 542034     /usr/lib/jvm/java-7-oracle/jre/lib/i386/libjawt.so
6cb97000-6cb98000 rw-p 00000000 08:05 542034     /usr/lib/jvm/java-7-oracle/jre/lib/i386/libjawt.so
6cb98000-6cbf8000 r-xp 00000000 08:05 542088     /usr/lib/jvm/java-7-oracle/jre/lib/i386/libt2k.so
6cbf8000-6cbfc000 rw-p 0005f000 08:05 542088     /usr/lib/jvm/java-7-oracle/jre/lib/i386/libt2k.so
6cbfc000-6cc00000 rw-p 00000000 00:00 0 
6cc00000-6cc6d000 rw-p 00000000 00:00 0 
6cc6d000-6cd00000 ---p 00000000 00:00 0 
6cd01000-6cd0a000 r-xp 00000000 08:05 262800     /usr/lib/i386-linux-gnu/libpciaccess.so.0.11.0
6cd0a000-6cd0b000 r--p 00008000 08:05 262800     /usr/lib/i386-linux-gnu/libpciaccess.so.0.11.0
6cd0b000-6cd0c000 rw-p 00009000 08:05 262800     /usr/lib/i386-linux-gnu/libpciaccess.so.0.11.0
6cd0c000-6cd10000 r-xp 00000000 08:05 266216     /usr/lib/i386-linux-gnu/libXxf86vm.so.1.0.0
6cd10000-6cd11000 r--p 00003000 08:05 266216     /usr/lib/i386-linux-gnu/libXxf86vm.so.1.0.0
6cd11000-6cd12000 rw-p 00004000 08:05 266216     /usr/lib/i386-linux-gnu/libXxf86vm.so.1.0.0
6cd12000-6cd15000 ---p 00000000 00:00 0 
6cd15000-6cd2b000 rw-p 00000000 00:00 0 
6cd2b000-6cd32000 r-xp 00000000 08:05 266210     /usr/lib/i386-linux-gnu/libXrandr.so.2.2.0
6cd32000-6cd33000 r--p 00006000 08:05 266210     /usr/lib/i386-linux-gnu/libXrandr.so.2.2.0
6cd33000-6cd34000 rw-p 00007000 08:05 266210     /usr/lib/i386-linux-gnu/libXrandr.so.2.2.0
6cd34000-6cd37000 ---p 00000000 00:00 0 
6cd37000-6cd4d000 rw-p 00000000 00:00 0 
6cd4d000-6cd5b000 r-xp 00000000 08:05 542077     /usr/lib/jvm/java-7-oracle/jre/lib/i386/libnio.so
6cd5b000-6cd5c000 rw-p 0000e000 08:05 542077     /usr/lib/jvm/java-7-oracle/jre/lib/i386/libnio.so
6cd5c000-6cd78000 r-xp 00000000 08:05 1178406    /lib/i386-linux-gnu/libgcc_s.so.1
6cd78000-6cd79000 r--p 0001b000 08:05 1178406    /lib/i386-linux-gnu/libgcc_s.so.1
6cd79000-6cd7a000 rw-p 0001c000 08:05 1178406    /lib/i386-linux-gnu/libgcc_s.so.1
6cd7e000-6cd92000 r-xp 00000000 08:05 542080     /usr/lib/jvm/java-7-oracle/jre/lib/i386/libnet.so
6cd92000-6cd93000 rw-p 00014000 08:05 542080     /usr/lib/jvm/java-7-oracle/jre/lib/i386/libnet.so
6cd93000-6cdef000 r-xp 00000000 08:05 542038     /usr/lib/jvm/java-7-oracle/jre/lib/i386/libfontmanager.so
6cdef000-6cdf2000 rw-p 0005b000 08:05 542038     /usr/lib/jvm/java-7-oracle/jre/lib/i386/libfontmanager.so
6cdf2000-6cdf6000 rw-p 00000000 00:00 0 
6cdf6000-6d0a2000 rw-s 00000000 00:04 85622835   /SYSV00000000 (deleted)
6d0a2000-6d0a5000 ---p 00000000 00:00 0 
6d0a5000-6d0f3000 rw-p 00000000 00:00 0 
6d0f3000-6d0f6000 ---p 00000000 00:00 0 
6d0f6000-6d144000 rw-p 00000000 00:00 0 
6d144000-6d147000 ---p 00000000 00:00 0 
6d147000-6d195000 rw-p 00000000 00:00 0 
6d195000-6d198000 ---p 00000000 00:00 0 
6d198000-6d1e6000 rw-p 00000000 00:00 0 
6d1e6000-6d1ea000 r-xp 00000000 08:05 266190     /usr/lib/i386-linux-gnu/libXfixes.so.3.1.0
6d1ea000-6d1eb000 r--p 00004000 08:05 266190     /usr/lib/i386-linux-gnu/libXfixes.so.3.1.0
6d1eb000-6d1ec000 rw-p 00005000 08:05 266190     /usr/lib/i386-linux-gnu/libXfixes.so.3.1.0
6d1ec000-6d1f5000 r-xp 00000000 08:05 266772     /usr/lib/i386-linux-gnu/libXcursor.so.1.0.2
6d1f5000-6d1f6000 r--p 00008000 08:05 266772     /usr/lib/i386-linux-gnu/libXcursor.so.1.0.2
6d1f6000-6d1f7000 rw-p 00009000 08:05 266772     /usr/lib/i386-linux-gnu/libXcursor.so.1.0.2
6d1f7000-6d1fa000 ---p 00000000 00:00 0 
6d1fa000-6d248000 rw-p 00000000 00:00 0 
6d248000-6d24d000 r-xp 00000000 08:05 266189     /usr/lib/i386-linux-gnu/libXdmcp.so.6.0.0
6d24d000-6d24e000 r--p 00004000 08:05 266189     /usr/lib/i386-linux-gnu/libXdmcp.so.6.0.0
6d24e000-6d24f000 rw-p 00005000 08:05 266189     /usr/lib/i386-linux-gnu/libXdmcp.so.6.0.0
6d24f000-6d26e000 r-xp 00000000 08:05 263575     /usr/lib/i386-linux-gnu/libxcb.so.1.1.0
6d26e000-6d26f000 r--p 0001f000 08:05 263575     /usr/lib/i386-linux-gnu/libxcb.so.1.1.0
6d26f000-6d270000 rw-p 00020000 08:05 263575     /usr/lib/i386-linux-gnu/libxcb.so.1.1.0
6d270000-6d27e000 r-xp 00000000 08:05 266184     /usr/lib/i386-linux-gnu/libXi.so.6.1.0
6d27e000-6d27f000 r--p 0000d000 08:05 266184     /usr/lib/i386-linux-gnu/libXi.so.6.1.0
6d27f000-6d280000 rw-p 0000e000 08:05 266184     /usr/lib/i386-linux-gnu/libXi.so.6.1.0
6d280000-6d3b0000 r-xp 00000000 08:05 263577     /usr/lib/i386-linux-gnu/libX11.so.6.3.0
6d3b0000-6d3b1000 r--p 0012f000 08:05 263577     /usr/lib/i386-linux-gnu/libX11.so.6.3.0
6d3b1000-6d3b3000 rw-p 00130000 08:05 263577     /usr/lib/i386-linux-gnu/libX11.so.6.3.0
6d3b3000-6d3b4000 rw-p 00000000 00:00 0 
6d3b4000-6d3fd000 r-xp 00000000 08:05 542060     /usr/lib/jvm/java-7-oracle/jre/lib/i386/xawt/libmawt.so
6d3fd000-6d3ff000 rw-p 00049000 08:05 542060     /usr/lib/jvm/java-7-oracle/jre/lib/i386/xawt/libmawt.so
6d3ff000-6d400000 rw-p 00000000 00:00 0 
6d400000-6d4f1000 rw-p 00000000 00:00 0 
6d4f1000-6d500000 ---p 00000000 00:00 0 
6d500000-6d502000 r-xp 00000000 08:05 266187     /usr/lib/i386-linux-gnu/libXdamage.so.1.1.0
6d502000-6d503000 r--p 00001000 08:05 266187     /usr/lib/i386-linux-gnu/libXdamage.so.1.1.0
6d503000-6d504000 rw-p 00002000 08:05 266187     /usr/lib/i386-linux-gnu/libXdamage.so.1.1.0
6d504000-6d509000 r-xp 00000000 08:05 266212     /usr/lib/i386-linux-gnu/libXtst.so.6.1.0
6d509000-6d50a000 r--p 00004000 08:05 266212     /usr/lib/i386-linux-gnu/libXtst.so.6.1.0
6d50a000-6d50b000 rw-p 00005000 08:05 266212     /usr/lib/i386-linux-gnu/libXtst.so.6.1.0
6d50b000-6d51b000 r-xp 00000000 08:05 266175     /usr/lib/i386-linux-gnu/libXext.so.6.4.0
6d51b000-6d51c000 r--p 0000f000 08:05 266175     /usr/lib/i386-linux-gnu/libXext.so.6.4.0
6d51c000-6d51d000 rw-p 00010000 08:05 266175     /usr/lib/i386-linux-gnu/libXext.so.6.4.0
6d520000-6d536000 rw-s 00000000 00:04 85655609   /SYSV00000000 (deleted)
6d536000-6d5bd000 r-xp 00000000 08:05 542040     /usr/lib/jvm/java-7-oracle/jre/lib/i386/libawt.so
6d5bd000-6d5c4000 rw-p 00086000 08:05 542040     /usr/lib/jvm/java-7-oracle/jre/lib/i386/libawt.so
6d5c4000-6d5e8000 rw-p 00000000 00:00 0 
6d5e8000-6d5e9000 ---p 00000000 00:00 0 
6d5e9000-6d669000 rw-p 00000000 00:00 0 
6d669000-6d66c000 ---p 00000000 00:00 0 
6d66c000-6d6ba000 rw-p 00000000 00:00 0 
6d6ba000-6d6bd000 ---p 00000000 00:00 0 
6d6bd000-6d73b000 rw-p 00000000 00:00 0 
6d73b000-6d73e000 ---p 00000000 00:00 0 
6d73e000-6d7bc000 rw-p 00000000 00:00 0 
6d7bc000-6d7bf000 ---p 00000000 00:00 0 
6d7bf000-6d80d000 rw-p 00000000 00:00 0 
6d80d000-6d810000 ---p 00000000 00:00 0 
6d810000-6d85e000 rw-p 00000000 00:00 0 
6d85e000-6d861000 ---p 00000000 00:00 0 
6d861000-6d8af000 rw-p 00000000 00:00 0 
6d8af000-6d8b2000 ---p 00000000 00:00 0 
6d8b2000-6d900000 rw-p 00000000 00:00 0 
6d900000-6d9fe000 rw-p 00000000 00:00 0 
6d9fe000-6da00000 ---p 00000000 00:00 0 
6da01000-6da03000 r-xp 00000000 08:05 266178     /usr/lib/i386-linux-gnu/libXau.so.6.0.0
6da03000-6da04000 r--p 00001000 08:05 266178     /usr/lib/i386-linux-gnu/libXau.so.6.0.0
6da04000-6da05000 rw-p 00002000 08:05 266178     /usr/lib/i386-linux-gnu/libXau.so.6.0.0
6da05000-6da0d000 r-xp 00000000 08:05 266192     /usr/lib/i386-linux-gnu/libXrender.so.1.3.0
6da0d000-6da0e000 r--p 00007000 08:05 266192     /usr/lib/i386-linux-gnu/libXrender.so.1.3.0
6da0e000-6da0f000 rw-p 00008000 08:05 266192     /usr/lib/i386-linux-gnu/libXrender.so.1.3.0
6da0f000-6da10000 ---p 00000000 00:00 0 
6da10000-6dadb000 rw-p 00000000 00:00 0 
6dadb000-6dc98000 r--s 039d3000 08:05 541500     /usr/lib/jvm/java-7-oracle/jre/lib/rt.jar
6dc98000-70200000 rw-p 00000000 00:00 0 
70200000-70221000 rw-p 00000000 00:00 0 
70221000-70300000 ---p 00000000 00:00 0 
70302000-70303000 r--p 00000000 08:05 667669     /usr/share/locale-langpack/en_CA/LC_MESSAGES/pulseaudio.mo
70303000-70306000 ---p 00000000 00:00 0 
70306000-70354000 rw-p 00000000 00:00 0 
70354000-70357000 ---p 00000000 00:00 0 
70357000-70400000 rw-p 00000000 00:00 0 
70400000-704dc000 rw-p 00000000 00:00 0 
704dc000-70500000 ---p 00000000 00:00 0 
70500000-70501000 r-xp 00000000 08:05 263583     /usr/lib/i386-linux-gnu/libX11-xcb.so.1.0.0
70501000-70502000 r--p 00000000 08:05 263583     /usr/lib/i386-linux-gnu/libX11-xcb.so.1.0.0
70502000-70503000 rw-p 00001000 08:05 263583     /usr/lib/i386-linux-gnu/libX11-xcb.so.1.0.0
70503000-7050d000 r--s 00371000 08:05 542121     /usr/lib/jvm/java-7-oracle/jre/lib/charsets.jar
7050d000-7050e000 r--s 00001000 08:05 2141284    /home/michael/Desktop/programs/JavaPrograms/PewPew/lib/jogg-0.0.7.jar
7050e000-70510000 r--s 0000d000 08:05 2141285    /home/michael/Desktop/programs/JavaPrograms/PewPew/lib/jorbis-0.0.15.jar
70510000-7051b000 r--s 000af000 08:05 2141282    /home/michael/Desktop/programs/JavaPrograms/PewPew/lib/slick.jar
7051b000-7051c000 ---p 00000000 00:00 0 
7051c000-7059c000 rw-p 00000000 00:00 0 
7059c000-7059d000 ---p 00000000 00:00 0 
7059d000-70632000 rw-p 00000000 00:00 0 
70632000-7076b000 rw-p 00000000 00:00 0 
7076b000-70773000 rw-p 00000000 00:00 0 
70773000-7078b000 rw-p 00000000 00:00 0 
7078b000-707a0000 rw-p 00000000 00:00 0 
707a0000-708d8000 rw-p 00000000 00:00 0 
708d8000-708e3000 rw-p 00000000 00:00 0 
708e3000-7097f000 rw-p 00000000 00:00 0 
7097f000-71980000 rw-p 00000000 00:00 0 
71980000-74980000 rw-p 00000000 00:00 0 
74980000-77300000 rw-p 00000000 00:00 0 
77300000-9e400000 rw-p 00000000 00:00 0 
9e400000-9f900000 rw-p 00000000 00:00 0 
9f900000-b3180000 rw-p 00000000 00:00 0 
b3180000-b3182000 r--s 0001a000 08:05 2141283    /home/michael/Desktop/programs/JavaPrograms/PewPew/lib/slick-util.jar
b3182000-b3186000 r--s 00027000 08:05 2141280    /home/michael/Desktop/programs/JavaPrograms/PewPew/lib/lwjgl_util.jar
b3186000-b3194000 r--s 000e3000 08:05 2141263    /home/michael/Desktop/programs/JavaPrograms/PewPew/lib/lwjgl.jar
b3194000-b319c000 rw-p 00000000 00:00 0 
b319c000-b31b4000 rw-p 00000000 00:00 0 
b31b4000-b31bd000 rw-p 00000000 00:00 0 
b31bd000-b3274000 rw-p 00000000 00:00 0 
b3274000-b34b4000 rwxp 00000000 00:00 0 
b34b4000-b6274000 rw-p 00000000 00:00 0 
b6274000-b627b000 r-xp 00000000 08:05 1181996    /lib/i386-linux-gnu/libnss_compat-2.15.so
b627b000-b627c000 r--p 00006000 08:05 1181996    /lib/i386-linux-gnu/libnss_compat-2.15.so
b627c000-b627d000 rw-p 00007000 08:05 1181996    /lib/i386-linux-gnu/libnss_compat-2.15.so
b627d000-b6296000 rw-p 00000000 00:00 0 
b6296000-b63c8000 r--p 004a5000 08:05 268866     /usr/lib/locale/locale-archive
b63c8000-b65c8000 r--p 00000000 08:05 268866     /usr/lib/locale/locale-archive
b65c8000-b65ff000 r-xp 00000000 08:05 542032     /usr/lib/jvm/java-7-oracle/jre/lib/i386/libjdwp.so
b65ff000-b6600000 rw-p 00037000 08:05 542032     /usr/lib/jvm/java-7-oracle/jre/lib/i386/libjdwp.so
b6600000-b66f4000 rw-p 00000000 00:00 0 
b66f4000-b6700000 ---p 00000000 00:00 0 
b6700000-b6701000 rw-s 00000000 00:04 95201      /drm mm object (deleted)
b6701000-b6706000 r--s 00030000 08:05 2141261    /home/michael/Desktop/programs/JavaPrograms/PewPew/lib/jinput.jar
b6706000-b6709000 r-xp 00000000 08:05 542081     /usr/lib/jvm/java-7-oracle/jre/lib/i386/libdt_socket.so
b6709000-b670a000 rw-p 00003000 08:05 542081     /usr/lib/jvm/java-7-oracle/jre/lib/i386/libdt_socket.so
b670a000-b6711000 r--s 00000000 08:05 277938     /usr/lib/i386-linux-gnu/gconv/gconv-modules.cache
b6711000-b671c000 r-xp 00000000 08:05 1182000    /lib/i386-linux-gnu/libnss_files-2.15.so
b671c000-b671d000 r--p 0000a000 08:05 1182000    /lib/i386-linux-gnu/libnss_files-2.15.so
b671d000-b671e000 rw-p 0000b000 08:05 1182000    /lib/i386-linux-gnu/libnss_files-2.15.so
b671e000-b6728000 r-xp 00000000 08:05 1182009    /lib/i386-linux-gnu/libnss_nis-2.15.so
b6728000-b6729000 r--p 00009000 08:05 1182009    /lib/i386-linux-gnu/libnss_nis-2.15.so
b6729000-b672a000 rw-p 0000a000 08:05 1182009    /lib/i386-linux-gnu/libnss_nis-2.15.so
b672a000-b672b000 rwxp 00000000 00:00 0 
b672b000-b6742000 r-xp 00000000 08:05 542035     /usr/lib/jvm/java-7-oracle/jre/lib/i386/libzip.so
b6742000-b6743000 rw-p 00017000 08:05 542035     /usr/lib/jvm/java-7-oracle/jre/lib/i386/libzip.so
b6743000-b6759000 r-xp 00000000 08:05 1182027    /lib/i386-linux-gnu/libnsl-2.15.so
b6759000-b675a000 r--p 00015000 08:05 1182027    /lib/i386-linux-gnu/libnsl-2.15.so
b675a000-b675b000 rw-p 00016000 08:05 1182027    /lib/i386-linux-gnu/libnsl-2.15.so
b675b000-b675d000 rw-p 00000000 00:00 0 
b675d000-b6780000 r-xp 00000000 08:05 542057     /usr/lib/jvm/java-7-oracle/jre/lib/i386/libjava.so
b6780000-b6781000 rw-p 00022000 08:05 542057     /usr/lib/jvm/java-7-oracle/jre/lib/i386/libjava.so
b6781000-b6788000 r-xp 00000000 08:05 1182007    /lib/i386-linux-gnu/librt-2.15.so
b6788000-b6789000 r--p 00006000 08:05 1182007    /lib/i386-linux-gnu/librt-2.15.so
b6789000-b678a000 rw-p 00007000 08:05 1182007    /lib/i386-linux-gnu/librt-2.15.so
b678a000-b678d000 ---p 00000000 00:00 0 
b678d000-b67db000 rw-p 00000000 00:00 0 
b67db000-b6805000 r-xp 00000000 08:05 1182015    /lib/i386-linux-gnu/libm-2.15.so
b6805000-b6806000 r--p 00029000 08:05 1182015    /lib/i386-linux-gnu/libm-2.15.so
b6806000-b6807000 rw-p 0002a000 08:05 1182015    /lib/i386-linux-gnu/libm-2.15.so
b6807000-b707e000 r-xp 00000000 08:05 542048     /usr/lib/jvm/java-7-oracle/jre/lib/i386/server/libjvm.so
b707e000-b70e2000 rw-p 00877000 08:05 542048     /usr/lib/jvm/java-7-oracle/jre/lib/i386/server/libjvm.so
b70e2000-b7506000 rw-p 00000000 00:00 0 
b7506000-b76a9000 r-xp 00000000 08:05 1181991    /lib/i386-linux-gnu/libc-2.15.so
b76a9000-b76ab000 r--p 001a3000 08:05 1181991    /lib/i386-linux-gnu/libc-2.15.so
b76ab000-b76ac000 rw-p 001a5000 08:05 1181991    /lib/i386-linux-gnu/libc-2.15.so
b76ac000-b76af000 rw-p 00000000 00:00 0 
b76af000-b76b2000 r-xp 00000000 08:05 1182022    /lib/i386-linux-gnu/libdl-2.15.so
b76b2000-b76b3000 r--p 00002000 08:05 1182022    /lib/i386-linux-gnu/libdl-2.15.so
b76b3000-b76b4000 rw-p 00003000 08:05 1182022    /lib/i386-linux-gnu/libdl-2.15.so
b76b4000-b76b5000 rw-p 00000000 00:00 0 
b76b5000-b76c8000 r-xp 00000000 08:05 542068     /usr/lib/jvm/java-7-oracle/jre/lib/i386/jli/libjli.so
b76c8000-b76c9000 rw-p 00012000 08:05 542068     /usr/lib/jvm/java-7-oracle/jre/lib/i386/jli/libjli.so
b76c9000-b76e0000 r-xp 00000000 08:05 1182011    /lib/i386-linux-gnu/libpthread-2.15.so
b76e0000-b76e1000 r--p 00016000 08:05 1182011    /lib/i386-linux-gnu/libpthread-2.15.so
b76e1000-b76e2000 rw-p 00017000 08:05 1182011    /lib/i386-linux-gnu/libpthread-2.15.so
b76e2000-b76e4000 rw-p 00000000 00:00 0 
b76e4000-b76ec000 rw-s 00000000 08:05 2181102    /tmp/hsperfdata_michael/5363
b76ec000-b76ee000 r-xp 00000000 08:05 542085     /usr/lib/jvm/java-7-oracle/jre/lib/i386/libnpt.so
b76ee000-b76ef000 rw-p 00002000 08:05 542085     /usr/lib/jvm/java-7-oracle/jre/lib/i386/libnpt.so
b76ef000-b76f0000 rw-p 00000000 00:00 0 
b76f0000-b76f1000 r--p 00000000 00:00 0 
b76f1000-b76fc000 r-xp 00000000 08:05 542045     /usr/lib/jvm/java-7-oracle/jre/lib/i386/libverify.so
b76fc000-b76fd000 rw-p 0000b000 08:05 542045     /usr/lib/jvm/java-7-oracle/jre/lib/i386/libverify.so
b76fd000-b76ff000 rw-p 00000000 00:00 0 
b76ff000-b7700000 r-xp 00000000 00:00 0          [vdso]
b7700000-b7720000 r-xp 00000000 08:05 1182018    /lib/i386-linux-gnu/ld-2.15.so
b7720000-b7721000 r--p 0001f000 08:05 1182018    /lib/i386-linux-gnu/ld-2.15.so
b7721000-b7722000 rw-p 00020000 08:05 1182018    /lib/i386-linux-gnu/ld-2.15.so
bfedf000-bff00000 rw-p 00000000 00:00 0          [stack]

VM Arguments:
jvm_args: -Xdebug -Xrunjdwp:transport=dt_socket,address=localhost:54306 -Dfile.encoding=UTF-8 -Djava.library.path=./natives 
java_command: pewpew.PewPew
Launcher Type: SUN_STANDARD

Environment Variables:
PATH=/usr/lib/lightdm/lightdm:/usr/local/sbin:/usr/local/bin:/usr/sbin:/usr/bin:/sbin:/bin:/usr/games
SHELL=/bin/bash
DISPLAY=:0

Signal Handlers:
SIGSEGV: [libjvm.so+0x7dcc00], sa_mask[0]=0x7ffbfeff, sa_flags=0x10000004
SIGBUS: [libjvm.so+0x7dcc00], sa_mask[0]=0x7ffbfeff, sa_flags=0x10000004
SIGFPE: [libjvm.so+0x678400], sa_mask[0]=0x7ffbfeff, sa_flags=0x10000004
SIGPIPE: [libjvm.so+0x678400], sa_mask[0]=0x7ffbfeff, sa_flags=0x10000004
SIGXFSZ: [libjvm.so+0x678400], sa_mask[0]=0x7ffbfeff, sa_flags=0x10000004
SIGILL: [libjvm.so+0x678400], sa_mask[0]=0x7ffbfeff, sa_flags=0x10000004
SIGUSR1: SIG_DFL, sa_mask[0]=0x00000000, sa_flags=0x00000000
SIGUSR2: [libjvm.so+0x6798f0], sa_mask[0]=0x00000004, sa_flags=0x10000004
SIGHUP: [libjvm.so+0x67aa40], sa_mask[0]=0x7ffbfeff, sa_flags=0x10000004
SIGINT: SIG_IGN, sa_mask[0]=0x00000000, sa_flags=0x00000000
SIGTERM: [libjvm.so+0x67aa40], sa_mask[0]=0x7ffbfeff, sa_flags=0x10000004
SIGQUIT: [libjvm.so+0x67aa40], sa_mask[0]=0x7ffbfeff, sa_flags=0x10000004


---------------  S Y S T E M  ---------------

OS:wheezy/sid

uname:Linux 3.2.0-54-generic-pae #82-Ubuntu SMP Tue Sep 10 20:29:22 UTC 2013 i686
libc:glibc 2.15 NPTL 2.15 
rlimit: STACK 8192k, CORE 0k, NPROC 31852, NOFILE 4096, AS infinity
load average:1.04 0.63 0.48

/proc/meminfo:
MemTotal:        4091732 kB
MemFree:         2382860 kB
Buffers:          107268 kB
Cached:           764768 kB
SwapCached:            0 kB
Active:           870416 kB
Inactive:         725056 kB
Active(anon):     724416 kB
Inactive(anon):   131576 kB
Active(file):     146000 kB
Inactive(file):   593480 kB
Unevictable:          44 kB
Mlocked:              44 kB
HighTotal:       3244732 kB
HighFree:        1742100 kB
LowTotal:         847000 kB
LowFree:          640760 kB
SwapTotal:       1657852 kB
SwapFree:        1657852 kB
Dirty:               368 kB
Writeback:             0 kB
AnonPages:        723676 kB
Mapped:           136716 kB
Shmem:            132412 kB
Slab:              48980 kB
SReclaimable:      31808 kB
SUnreclaim:        17172 kB
KernelStack:        3360 kB
PageTables:         8932 kB
NFS_Unstable:          0 kB
Bounce:                0 kB
WritebackTmp:          0 kB
CommitLimit:     3703716 kB
Committed_AS:    2970892 kB
VmallocTotal:     122880 kB
VmallocUsed:       17972 kB
VmallocChunk:     103396 kB
HardwareCorrupted:     0 kB
AnonHugePages:         0 kB
HugePages_Total:       0
HugePages_Free:        0
HugePages_Rsvd:        0
HugePages_Surp:        0
Hugepagesize:       2048 kB
DirectMap4k:       10232 kB
DirectMap2M:      903168 kB


CPU:total 2 (2 cores per cpu, 1 threads per core) family 6 model 23 stepping 10, cmov, cx8, fxsr, mmx, sse, sse2, sse3, ssse3, sse4.1, tsc

/proc/cpuinfo:
processor	: 0
vendor_id	: GenuineIntel
cpu family	: 6
model		: 23
model name	: Intel(R) Core(TM)2 Duo CPU     P8700  @ 2.53GHz
stepping	: 10
microcode	: 0xa07
cpu MHz		: 2535.000
cache size	: 3072 KB
physical id	: 0
siblings	: 2
core id		: 0
cpu cores	: 2
apicid		: 0
initial apicid	: 0
fdiv_bug	: no
hlt_bug		: no
f00f_bug	: no
coma_bug	: no
fpu		: yes
fpu_exception	: yes
cpuid level	: 13
wp		: yes
flags		: fpu vme de pse tsc msr pae mce cx8 apic sep mtrr pge mca cmov pat pse36 clflush dts acpi mmx fxsr sse sse2 ss ht tm pbe nx lm constant_tsc arch_perfmon pebs bts aperfmperf pni dtes64 monitor ds_cpl vmx smx est tm2 ssse3 cx16 xtpr pdcm sse4_1 xsave lahf_lm ida dtherm tpr_shadow vnmi flexpriority
bogomips	: 5054.29
clflush size	: 64
cache_alignment	: 64
address sizes	: 36 bits physical, 48 bits virtual
power management:

processor	: 1
vendor_id	: GenuineIntel
cpu family	: 6
model		: 23
model name	: Intel(R) Core(TM)2 Duo CPU     P8700  @ 2.53GHz
stepping	: 10
microcode	: 0xa07
cpu MHz		: 2535.000
cache size	: 3072 KB
physical id	: 0
siblings	: 2
core id		: 1
cpu cores	: 2
apicid		: 1
initial apicid	: 1
fdiv_bug	: no
hlt_bug		: no
f00f_bug	: no
coma_bug	: no
fpu		: yes
fpu_exception	: yes
cpuid level	: 13
wp		: yes
flags		: fpu vme de pse tsc msr pae mce cx8 apic sep mtrr pge mca cmov pat pse36 clflush dts acpi mmx fxsr sse sse2 ss ht tm pbe nx lm constant_tsc arch_perfmon pebs bts aperfmperf pni dtes64 monitor ds_cpl vmx smx est tm2 ssse3 cx16 xtpr pdcm sse4_1 xsave lahf_lm ida dtherm tpr_shadow vnmi flexpriority
bogomips	: 5053.96
clflush size	: 64
cache_alignment	: 64
address sizes	: 36 bits physical, 48 bits virtual
power management:



Memory: 4k page, physical 4091732k(2382860k free), swap 1657852k(1657852k free)

vm_info: Java HotSpot(TM) Server VM (24.0-b56) for linux-x86 JRE (1.7.0_40-b43), built on Aug 26 2013 22:01:21 by "java_re" with gcc 4.3.0 20080428 (Red Hat 4.3.0-8)

time: Wed Oct  9 16:46:57 2013
elapsed time: 1 seconds

