#
# A fatal error has been detected by the Java Runtime Environment:
#
#  SIGSEGV (0xb) at pc=0x6b9c8a72, pid=10177, tid=1830947648
#
# JRE version: Java(TM) SE Runtime Environment (7.0_45-b18) (build 1.7.0_45-b18)
# Java VM: Java HotSpot(TM) Server VM (24.45-b08 mixed mode linux-x86 )
# Problematic frame:
# C  [libopenal.so+0x1aa72]  alcCreateContext+0xd2
#
# Failed to write core dump. Core dumps have been disabled. To enable core dumping, try "ulimit -c unlimited" before starting Java again
#
# If you would like to submit a bug report, please visit:
#   http://bugreport.sun.com/bugreport/crash.jsp
# The crash happened outside the Java Virtual Machine in native code.
# See problematic frame for where to report the bug.
#

---------------  T H R E A D  ---------------

Current thread (0x6d549800):  JavaThread "AWT-EventQueue-0" [_thread_in_native, id=10203, stack(0x6d1d0000,0x6d221000)]

siginfo:si_signo=SIGSEGV: si_errno=0, si_code=1 (SEGV_MAPERR), si_addr=0x6b600004

Registers:
EAX=0x6b600004, EBX=0x6b9f9ff4, ECX=0x000000ff, EDX=0x00000001
ESP=0x6d21e0e0, EBP=0x6b5ffffc, ESI=0x6b5d7028, EDI=0x00000001
EIP=0x6b9c8a72, EFLAGS=0x00210293, CR2=0x6b600004

Top of Stack: (sp=0x6d21e0e0)
0x6d21e0e0:   00000000 091f3b60 091f3b60 091f3b50
0x6d21e0f0:   091f3b50 fffffffe 00000000 00000000
0x6d21e100:   00000000 b71048e8 704c8a50 00000004
0x6d21e110:   00000000 00000000 00014cd7 00000000
0x6d21e120:   0000000d 091f3b40 00000000 7113e828
0x6d21e130:   b6b3789e 000000ff b6fdba96 6d21e14c
0x6d21e140:   b719c574 6d21e3f0 6d546848 6d21e18c
0x6d21e150:   b6d5333e 00000004 0000ac44 6d21e1f4 

Instructions: (pc=0x6b9c8a72)
0x6b9c8a52:   8d b6 00 00 00 00 8b 55 00 81 fa 11 10 00 00 74
0x6b9c8a62:   3b 81 fa 03 00 02 00 75 07 8b 50 fc 89 54 24 74
0x6b9c8a72:   8b 10 89 c5 83 c0 08 85 d2 74 3a 81 fa 07 10 00
0x6b9c8a82:   00 75 d3 8b 50 fc 89 54 24 78 83 8e cc 00 00 00 

Register to memory mapping:

EAX=0x6b600004 is an unknown value
EBX=0x6b9f9ff4: <offset 0x4bff4> in ./natives/libopenal.so at 0x6b9ae000
ECX=0x000000ff is an unknown value
EDX=0x00000001 is an unknown value
ESP=0x6d21e0e0 is pointing into the stack for thread: 0x6d549800
EBP=0x6b5ffffc is an unknown value
ESI=0x6b5d7028 is an unknown value
EDI=0x00000001 is an unknown value


Stack: [0x6d1d0000,0x6d221000],  sp=0x6d21e0e0,  free space=312k
Native frames: (J=compiled Java code, j=interpreted, Vv=VM code, C=native code)
C  [libopenal.so+0x1aa72]  alcCreateContext+0xd2

Java frames: (J=compiled Java code, j=interpreted, Vv=VM code)
j  org.lwjgl.openal.ALC10.nalcCreateContext(JJ)J+0
j  org.lwjgl.openal.ALC10.alcCreateContext(Lorg/lwjgl/openal/ALCdevice;Ljava/nio/IntBuffer;)Lorg/lwjgl/openal/ALCcontext;+8
j  org.lwjgl.openal.AL.init(Ljava/lang/String;IIZZ)V+69
j  org.lwjgl.openal.AL.create(Ljava/lang/String;IIZZ)V+227
j  org.lwjgl.openal.AL.create(Ljava/lang/String;IIZ)V+5
j  org.lwjgl.openal.AL.create()V+6
j  org.newdawn.slick.openal.SoundStore$1.run()Ljava/lang/Object;+0
v  ~StubRoutines::call_stub
j  java.security.AccessController.doPrivileged(Ljava/security/PrivilegedAction;)Ljava/lang/Object;+0
j  org.newdawn.slick.openal.SoundStore.init()V+26
j  org.newdawn.slick.openal.AudioLoader.init()V+9
j  org.newdawn.slick.openal.AudioLoader.getAudio(Ljava/lang/String;Ljava/io/InputStream;)Lorg/newdawn/slick/openal/Audio;+0
j  pewpew.Guns.BulletNormal.<clinit>()V+29
v  ~StubRoutines::call_stub
j  pewpew.Player.ChangeBulletType(B)V+65
j  pewpew.Player.<init>()V+261
j  pewpew.GameStates.StandardGame.<init>()V+91
j  pewpew.GameStates.MainGame.initStatesList(Lorg/newdawn/slick/GameContainer;)V+5
j  org.newdawn.slick.state.StateBasedGame.init(Lorg/newdawn/slick/GameContainer;)V+7
j  org.newdawn.slick.AppGameContainer.setup()V+170
j  org.newdawn.slick.AppGameContainer.start()V+1
j  pewpew.GameStates.StartScreen.InitiateArcadeMode()V+40
j  pewpew.GameStates.StartScreen.actionPerformed(Ljava/awt/event/ActionEvent;)V+104
j  javax.swing.AbstractButton.fireActionPerformed(Ljava/awt/event/ActionEvent;)V+84
j  javax.swing.AbstractButton$Handler.actionPerformed(Ljava/awt/event/ActionEvent;)V+5
j  javax.swing.DefaultButtonModel.fireActionPerformed(Ljava/awt/event/ActionEvent;)V+35
j  javax.swing.DefaultButtonModel.setPressed(Z)V+117
j  javax.swing.plaf.basic.BasicButtonListener.mouseReleased(Ljava/awt/event/MouseEvent;)V+35
j  java.awt.Component.processMouseEvent(Ljava/awt/event/MouseEvent;)V+64
j  javax.swing.JComponent.processMouseEvent(Ljava/awt/event/MouseEvent;)V+23
j  java.awt.Component.processEvent(Ljava/awt/AWTEvent;)V+81
j  java.awt.Container.processEvent(Ljava/awt/AWTEvent;)V+18
j  java.awt.Component.dispatchEventImpl(Ljava/awt/AWTEvent;)V+581
j  java.awt.Container.dispatchEventImpl(Ljava/awt/AWTEvent;)V+42
j  java.awt.Component.dispatchEvent(Ljava/awt/AWTEvent;)V+2
j  java.awt.LightweightDispatcher.retargetMouseEvent(Ljava/awt/Component;ILjava/awt/event/MouseEvent;)V+327
j  java.awt.LightweightDispatcher.processMouseEvent(Ljava/awt/event/MouseEvent;)Z+139
j  java.awt.LightweightDispatcher.dispatchEvent(Ljava/awt/AWTEvent;)Z+50
j  java.awt.Container.dispatchEventImpl(Ljava/awt/AWTEvent;)V+12
j  java.awt.Window.dispatchEventImpl(Ljava/awt/AWTEvent;)V+19
j  java.awt.Component.dispatchEvent(Ljava/awt/AWTEvent;)V+2
j  java.awt.EventQueue.dispatchEventImpl(Ljava/awt/AWTEvent;Ljava/lang/Object;)V+41
j  java.awt.EventQueue.access$200(Ljava/awt/EventQueue;Ljava/awt/AWTEvent;Ljava/lang/Object;)V+3
j  java.awt.EventQueue$3.run()Ljava/lang/Void;+12
j  java.awt.EventQueue$3.run()Ljava/lang/Object;+1
v  ~StubRoutines::call_stub
j  java.security.AccessController.doPrivileged(Ljava/security/PrivilegedAction;Ljava/security/AccessControlContext;)Ljava/lang/Object;+0
j  java.security.ProtectionDomain$1.doIntersectionPrivilege(Ljava/security/PrivilegedAction;Ljava/security/AccessControlContext;Ljava/security/AccessControlContext;)Ljava/lang/Object;+28
j  java.security.ProtectionDomain$1.doIntersectionPrivilege(Ljava/security/PrivilegedAction;Ljava/security/AccessControlContext;)Ljava/lang/Object;+6
j  java.awt.EventQueue$4.run()Ljava/lang/Void;+11
j  java.awt.EventQueue$4.run()Ljava/lang/Object;+1
v  ~StubRoutines::call_stub
j  java.security.AccessController.doPrivileged(Ljava/security/PrivilegedAction;Ljava/security/AccessControlContext;)Ljava/lang/Object;+0
j  java.security.ProtectionDomain$1.doIntersectionPrivilege(Ljava/security/PrivilegedAction;Ljava/security/AccessControlContext;Ljava/security/AccessControlContext;)Ljava/lang/Object;+28
j  java.awt.EventQueue.dispatchEvent(Ljava/awt/AWTEvent;)V+73
j  java.awt.EventDispatchThread.pumpOneEventForFilters(I)V+245
j  java.awt.EventDispatchThread.pumpEventsForFilter(ILjava/awt/Conditional;Ljava/awt/EventFilter;)V+35
j  java.awt.EventDispatchThread.pumpEventsForHierarchy(ILjava/awt/Conditional;Ljava/awt/Component;)V+11
j  java.awt.EventDispatchThread.pumpEvents(ILjava/awt/Conditional;)V+4
j  java.awt.EventDispatchThread.pumpEvents(Ljava/awt/Conditional;)V+3
j  java.awt.EventDispatchThread.run()V+9
v  ~StubRoutines::call_stub

---------------  P R O C E S S  ---------------

Java Threads: ( => current thread )
  0x6b5b0c00 JavaThread "Thread-1" daemon [_thread_blocked, id=10210, stack(0x6c43f000,0x6c490000)]
  0x705d5000 JavaThread "process reaper" daemon [_thread_blocked, id=10206, stack(0x6ce2f000,0x6ce48000)]
  0xb6708c00 JavaThread "DestroyJavaVM" [_thread_blocked, id=10178, stack(0xb685c000,0xb68ad000)]
  0x70502400 JavaThread "org.netbeans.modules.debugger.jpda.visual AWT Access Loop" daemon [_thread_blocked, id=10204, stack(0x6d17f000,0x6d1d0000)]
=>0x6d549800 JavaThread "AWT-EventQueue-0" [_thread_in_native, id=10203, stack(0x6d1d0000,0x6d221000)]
  0x6d547000 JavaThread "AWT-Shutdown" [_thread_blocked, id=10202, stack(0x6d221000,0x6d272000)]
  0x6d527400 JavaThread "AWT-XAWT" daemon [_thread_in_native, id=10201, stack(0x6d272000,0x6d2c3000)]
  0x6d512000 JavaThread "Java2D Disposer" daemon [_thread_blocked, id=10200, stack(0x6d2d4000,0x6d325000)]
  0x6da3d800 JavaThread "Service Thread" daemon [_thread_blocked, id=10198, stack(0x6d769000,0x6d7ba000)]
  0x6da32c00 JavaThread "C2 CompilerThread1" daemon [_thread_blocked, id=10197, stack(0x6d7ba000,0x6d83b000)]
  0x6da30c00 JavaThread "C2 CompilerThread0" daemon [_thread_blocked, id=10196, stack(0x6d83b000,0x6d8bc000)]
  0x091eec00 JavaThread "JDWP Command Reader" daemon [_thread_in_native, id=10194, stack(0x6d8bc000,0x6d90d000)]
  0x6da2f400 JavaThread "JDWP Event Helper Thread" daemon [_thread_blocked, id=10193, stack(0x6d90d000,0x6d95e000)]
  0x6da2c800 JavaThread "JDWP Transport Listener: dt_socket" daemon [_thread_blocked, id=10190, stack(0x6d95e000,0x6d9af000)]
  0x6da23c00 JavaThread "Signal Dispatcher" daemon [_thread_blocked, id=10189, stack(0x6d9af000,0x6da00000)]
  0x6da14800 JavaThread "Finalizer" daemon [_thread_blocked, id=10187, stack(0x70403000,0x70454000)]
  0x6da12000 JavaThread "Reference Handler" daemon [_thread_blocked, id=10186, stack(0x70454000,0x704a5000)]

Other Threads:
  0x6da10800 VMThread [stack: 0x6db10000,0x6db91000] [id=10185]
  0x6da3f400 WatcherThread [stack: 0x6d6e8000,0x6d769000] [id=10199]

VM state:not at safepoint (normal execution)

VM Mutex/Monitor currently owned by a thread: None

Heap
 PSYoungGen      total 18944K, used 10124K [0x9e500000, 0x9fa00000, 0xb3280000)
  eden space 16384K, 61% used [0x9e500000,0x9eee30e8,0x9f500000)
  from space 2560K, 0% used [0x9f780000,0x9f780000,0x9fa00000)
  to   space 2560K, 0% used [0x9f500000,0x9f500000,0x9f780000)
 ParOldGen       total 42496K, used 0K [0x74a80000, 0x77400000, 0x9e500000)
  object space 42496K, 0% used [0x74a80000,0x74a80000,0x77400000)
 PSPermGen       total 16384K, used 7938K [0x70a80000, 0x71a80000, 0x74a80000)
  object space 16384K, 48% used [0x70a80000,0x71240be8,0x71a80000)

Card table byte_map: [0x7086b000,0x70a80000] byte_map_base: 0x704e5c00

Polling page: 0xb77c3000

Code Cache  [0xb336f000, 0xb35af000, 0xb636f000)
 total_blobs=329 nmethods=45 adapters=247 free_code_cache=48697Kb largest_free_block=49843264

Compilation events (10 events):
Event: 2.518 Thread 0x6da30c00 nmethod 38 0xb33dc188 code [0xb33dc2a0, 0xb33dc43c]
Event: 2.518 Thread 0x6da30c00   41             sun.nio.cs.UTF_8$Decoder::decode (640 bytes)
Event: 2.529 Thread 0x6da32c00 nmethod 40 0xb33dd888 code [0xb33dd9e0, 0xb33dde30]
Event: 2.540 Thread 0x6da32c00   42             java.nio.DirectByteBuffer::put (18 bytes)
Event: 2.541 Thread 0x6da32c00 nmethod 42 0xb33da848 code [0xb33da940, 0xb33da9b0]
Event: 2.545 Thread 0x6da30c00 nmethod 41 0xb33e3c88 code [0xb33e3f60, 0xb33e4e98]
Event: 2.546 Thread 0x6da32c00   44             java.lang.String::<init> (67 bytes)
Event: 2.549 Thread 0x6da32c00 nmethod 44 0xb33e1d88 code [0xb33e1ea0, 0xb33e2150]
Event: 2.549 Thread 0x6da32c00   45             java.lang.AbstractStringBuilder::ensureCapacityInternal (16 bytes)
Event: 2.553 Thread 0x6da32c00 nmethod 45 0xb33e1908 code [0xb33e1a00, 0xb33e1c10]

GC Heap History (0 events):
No events

Deoptimization events (4 events):
Event: 0.724 Thread 0x6d549800 Uncommon trap: reason=class_check action=maybe_recompile pc=0xb33c7bf8 method=java.util.Properties$LineReader.readLine()I @ 62
Event: 0.729 Thread 0x6d549800 Uncommon trap: reason=class_check action=maybe_recompile pc=0xb33c7bf8 method=java.util.Properties$LineReader.readLine()I @ 62
Event: 0.731 Thread 0x6d549800 Uncommon trap: reason=class_check action=maybe_recompile pc=0xb33c7bf8 method=java.util.Properties$LineReader.readLine()I @ 62
Event: 0.732 Thread 0x6d549800 Uncommon trap: reason=class_check action=maybe_recompile pc=0xb33c7bf8 method=java.util.Properties$LineReader.readLine()I @ 62

Internal exceptions (10 events):
Event: 2.550 Thread 0x6d549800 Threw 0x9ee7f270 at /HUDSON/workspace/7u-2-build-linux-i586/jdk7u45/229/hotspot/src/share/vm/prims/jvm.cpp:1244
Event: 2.550 Thread 0x6d549800 Threw 0x9ee7fe30 at /HUDSON/workspace/7u-2-build-linux-i586/jdk7u45/229/hotspot/src/share/vm/prims/jvm.cpp:1244
Event: 2.550 Thread 0x6d549800 Threw 0x9ee80bf8 at /HUDSON/workspace/7u-2-build-linux-i586/jdk7u45/229/hotspot/src/share/vm/prims/jni.cpp:743
Event: 2.550 Thread 0x6d549800 Threw 0x9ee811d0 at /HUDSON/workspace/7u-2-build-linux-i586/jdk7u45/229/hotspot/src/share/vm/prims/jni.cpp:743
Event: 2.550 Thread 0x6d549800 Threw 0x9ee817e0 at /HUDSON/workspace/7u-2-build-linux-i586/jdk7u45/229/hotspot/src/share/vm/prims/jni.cpp:743
Event: 2.551 Thread 0x6d549800 Threw 0x9ee82080 at /HUDSON/workspace/7u-2-build-linux-i586/jdk7u45/229/hotspot/src/share/vm/prims/jvm.cpp:1244
Event: 2.554 Thread 0x6d549800 Threw 0x9ee8bef8 at /HUDSON/workspace/7u-2-build-linux-i586/jdk7u45/229/hotspot/src/share/vm/prims/jvm.cpp:1244
Event: 2.625 Thread 0x6d549800 Threw 0x9ee91a18 at /HUDSON/workspace/7u-2-build-linux-i586/jdk7u45/229/hotspot/src/share/vm/prims/jvm.cpp:1244
Event: 2.627 Thread 0x6d549800 Threw 0x9ee94860 at /HUDSON/workspace/7u-2-build-linux-i586/jdk7u45/229/hotspot/src/share/vm/prims/jvm.cpp:1244
Event: 2.630 Thread 0x6d549800 Threw 0x9ee97060 at /HUDSON/workspace/7u-2-build-linux-i586/jdk7u45/229/hotspot/src/share/vm/prims/jvm.cpp:1244

Events (10 events):
Event: 2.550 loading class 0x6b8bffb8
Event: 2.550 loading class 0x6b8bffb8 done
Event: 2.554 loading class 0x6b5bc2e0
Event: 2.554 loading class 0x6b5bc2e0 done
Event: 2.624 loading class 0x6b5cf8d8
Event: 2.624 loading class 0x6b5cf8d8 done
Event: 2.627 loading class 0x6b5bc468
Event: 2.627 loading class 0x6b5bc468 done
Event: 2.629 loading class 0x6b5cf908
Event: 2.629 loading class 0x6b5cf908 done


Dynamic libraries:
08048000-08049000 r-xp 00000000 08:05 755250     /usr/lib/jvm/java-7-oracle/bin/java
08049000-0804a000 rw-p 00000000 08:05 755250     /usr/lib/jvm/java-7-oracle/bin/java
091ed000-0940f000 rw-p 00000000 00:00 0          [heap]
668ff000-6a900000 rw-s 00000000 00:12 142642     /run/shm/pulse-shm-1025269044
6a900000-6a926000 rw-p 00000000 00:00 0 
6a926000-6aa00000 ---p 00000000 00:00 0 
6aa9c000-6aa9d000 ---p 00000000 00:00 0 
6aa9d000-6b29d000 rw-p 00000000 00:00 0 
6b29d000-6b2c6000 r-xp 00000000 08:05 266746     /usr/lib/i386-linux-gnu/libvorbis.so.0.4.5
6b2c6000-6b2c7000 r--p 00028000 08:05 266746     /usr/lib/i386-linux-gnu/libvorbis.so.0.4.5
6b2c7000-6b2c8000 rw-p 00029000 08:05 266746     /usr/lib/i386-linux-gnu/libvorbis.so.0.4.5
6b2c8000-6b42e000 r-xp 00000000 08:05 266748     /usr/lib/i386-linux-gnu/libvorbisenc.so.2.0.8
6b42e000-6b43f000 r--p 00165000 08:05 266748     /usr/lib/i386-linux-gnu/libvorbisenc.so.2.0.8
6b43f000-6b440000 rw-p 00176000 08:05 266748     /usr/lib/i386-linux-gnu/libvorbisenc.so.2.0.8
6b440000-6b48c000 r-xp 00000000 08:05 266121     /usr/lib/i386-linux-gnu/libFLAC.so.8.2.0
6b48c000-6b48d000 r--p 0004b000 08:05 266121     /usr/lib/i386-linux-gnu/libFLAC.so.8.2.0
6b48d000-6b48e000 rw-p 0004c000 08:05 266121     /usr/lib/i386-linux-gnu/libFLAC.so.8.2.0
6b48e000-6b4fa000 r-xp 00000000 08:05 266683     /usr/lib/i386-linux-gnu/libsndfile.so.1.0.25
6b4fa000-6b4fb000 r--p 0006c000 08:05 266683     /usr/lib/i386-linux-gnu/libsndfile.so.1.0.25
6b4fb000-6b4fc000 rw-p 0006d000 08:05 266683     /usr/lib/i386-linux-gnu/libsndfile.so.1.0.25
6b4fc000-6b500000 rw-p 00000000 00:00 0 
6b500000-6b600000 rw-p 00000000 00:00 0 
6b604000-6b617000 r-xp 00000000 08:05 1237109    /lib/i386-linux-gnu/libresolv-2.15.so
6b617000-6b618000 ---p 00013000 08:05 1237109    /lib/i386-linux-gnu/libresolv-2.15.so
6b618000-6b619000 r--p 00013000 08:05 1237109    /lib/i386-linux-gnu/libresolv-2.15.so
6b619000-6b61a000 rw-p 00014000 08:05 1237109    /lib/i386-linux-gnu/libresolv-2.15.so
6b61a000-6b61c000 rw-p 00000000 00:00 0 
6b61c000-6b67f000 r-xp 00000000 08:05 262102     /usr/lib/i386-linux-gnu/libpulsecommon-1.1.so
6b67f000-6b680000 r--p 00062000 08:05 262102     /usr/lib/i386-linux-gnu/libpulsecommon-1.1.so
6b680000-6b681000 rw-p 00063000 08:05 262102     /usr/lib/i386-linux-gnu/libpulsecommon-1.1.so
6b681000-6b800000 rw-p 00000000 00:00 0 
6b800000-6b8fe000 rw-p 00000000 00:00 0 
6b8fe000-6b900000 ---p 00000000 00:00 0 
6b917000-6b95e000 r-xp 00000000 08:05 1182220    /lib/i386-linux-gnu/libdbus-1.so.3.5.8
6b95e000-6b95f000 r--p 00047000 08:05 1182220    /lib/i386-linux-gnu/libdbus-1.so.3.5.8
6b95f000-6b960000 rw-p 00048000 08:05 1182220    /lib/i386-linux-gnu/libdbus-1.so.3.5.8
6b960000-6b9ac000 r-xp 00000000 08:05 261977     /usr/lib/i386-linux-gnu/libpulse.so.0.13.5
6b9ac000-6b9ad000 r--p 0004b000 08:05 261977     /usr/lib/i386-linux-gnu/libpulse.so.0.13.5
6b9ad000-6b9ae000 rw-p 0004c000 08:05 261977     /usr/lib/i386-linux-gnu/libpulse.so.0.13.5
6b9ae000-6b9f9000 r-xp 00000000 08:05 2141329    /home/michael/Desktop/programs/JavaPrograms/PewPew/natives/libopenal.so
6b9f9000-6b9fa000 r--p 0004b000 08:05 2141329    /home/michael/Desktop/programs/JavaPrograms/PewPew/natives/libopenal.so
6b9fa000-6b9fb000 rw-p 0004c000 08:05 2141329    /home/michael/Desktop/programs/JavaPrograms/PewPew/natives/libopenal.so
6b9fb000-6c300000 rw-p 00000000 00:00 0 
6c300000-6c3fc000 rw-p 00000000 00:00 0 
6c3fc000-6c400000 ---p 00000000 00:00 0 
6c40c000-6c412000 r-xp 00000000 08:05 266588     /usr/lib/i386-linux-gnu/libogg.so.0.7.1
6c412000-6c413000 r--p 00005000 08:05 266588     /usr/lib/i386-linux-gnu/libogg.so.0.7.1
6c413000-6c414000 rw-p 00006000 08:05 266588     /usr/lib/i386-linux-gnu/libogg.so.0.7.1
6c414000-6c41c000 r-xp 00000000 08:05 1178494    /lib/i386-linux-gnu/libwrap.so.0.7.6
6c41c000-6c41d000 r--p 00007000 08:05 1178494    /lib/i386-linux-gnu/libwrap.so.0.7.6
6c41d000-6c41e000 rw-p 00008000 08:05 1178494    /lib/i386-linux-gnu/libwrap.so.0.7.6
6c41e000-6c424000 r-xp 00000000 08:05 266522     /usr/lib/i386-linux-gnu/libjson.so.0.0.1
6c424000-6c425000 r--p 00005000 08:05 266522     /usr/lib/i386-linux-gnu/libjson.so.0.0.1
6c425000-6c426000 rw-p 00006000 08:05 266522     /usr/lib/i386-linux-gnu/libjson.so.0.0.1
6c43f000-6c442000 ---p 00000000 00:00 0 
6c442000-6c490000 rw-p 00000000 00:00 0 
6c490000-6c4d0000 rw-s 26e81000 00:05 7121       /dev/dri/card0
6c4d0000-6c4e4000 r-xp 00000000 08:05 1178496    /lib/i386-linux-gnu/libz.so.1.2.3.4
6c4e4000-6c4e5000 r--p 00013000 08:05 1178496    /lib/i386-linux-gnu/libz.so.1.2.3.4
6c4e5000-6c4e6000 rw-p 00014000 08:05 1178496    /lib/i386-linux-gnu/libz.so.1.2.3.4
6c4e6000-6c4ef000 r-xp 00000000 08:05 262800     /usr/lib/i386-linux-gnu/libpciaccess.so.0.11.0
6c4ef000-6c4f0000 r--p 00008000 08:05 262800     /usr/lib/i386-linux-gnu/libpciaccess.so.0.11.0
6c4f0000-6c4f1000 rw-p 00009000 08:05 262800     /usr/lib/i386-linux-gnu/libpciaccess.so.0.11.0
6c4f1000-6c5c9000 r-xp 00000000 08:05 266705     /usr/lib/i386-linux-gnu/libstdc++.so.6.0.16
6c5c9000-6c5ca000 ---p 000d8000 08:05 266705     /usr/lib/i386-linux-gnu/libstdc++.so.6.0.16
6c5ca000-6c5ce000 r--p 000d8000 08:05 266705     /usr/lib/i386-linux-gnu/libstdc++.so.6.0.16
6c5ce000-6c5cf000 rw-p 000dc000 08:05 266705     /usr/lib/i386-linux-gnu/libstdc++.so.6.0.16
6c5cf000-6c5d6000 rw-p 00000000 00:00 0 
6c5d6000-6c5f7000 r-xp 00000000 08:05 264607     /usr/lib/i386-linux-gnu/libdrm_intel.so.1.0.0
6c5f7000-6c5f8000 r--p 00020000 08:05 264607     /usr/lib/i386-linux-gnu/libdrm_intel.so.1.0.0
6c5f8000-6c5f9000 rw-p 00021000 08:05 264607     /usr/lib/i386-linux-gnu/libdrm_intel.so.1.0.0
6c5f9000-6c61f000 r-xp 00000000 08:05 1181897    /lib/i386-linux-gnu/libexpat.so.1.5.2
6c61f000-6c620000 ---p 00026000 08:05 1181897    /lib/i386-linux-gnu/libexpat.so.1.5.2
6c620000-6c622000 r--p 00026000 08:05 1181897    /lib/i386-linux-gnu/libexpat.so.1.5.2
6c622000-6c623000 rw-p 00028000 08:05 1181897    /lib/i386-linux-gnu/libexpat.so.1.5.2
6c623000-6c738000 r-xp 00000000 08:05 269225     /usr/lib/i386-linux-gnu/dri/libglsl.so
6c738000-6c73d000 r--p 00114000 08:05 269225     /usr/lib/i386-linux-gnu/dri/libglsl.so
6c73d000-6c73f000 rw-p 00119000 08:05 269225     /usr/lib/i386-linux-gnu/dri/libglsl.so
6c73f000-6c740000 rw-p 00000000 00:00 0 
6c740000-6c99c000 r-xp 00000000 08:05 269226     /usr/lib/i386-linux-gnu/dri/libdricore.so
6c99c000-6c99d000 ---p 0025c000 08:05 269226     /usr/lib/i386-linux-gnu/dri/libdricore.so
6c99d000-6c9a3000 r--p 0025c000 08:05 269226     /usr/lib/i386-linux-gnu/dri/libdricore.so
6c9a3000-6c9a5000 rw-p 00262000 08:05 269226     /usr/lib/i386-linux-gnu/dri/libdricore.so
6c9a5000-6c9ba000 rw-p 00000000 00:00 0 
6c9ba000-6ca95000 r-xp 00000000 08:05 261834     /usr/lib/i386-linux-gnu/dri/i965_dri.so
6ca95000-6ca97000 r--p 000da000 08:05 261834     /usr/lib/i386-linux-gnu/dri/i965_dri.so
6ca97000-6ca99000 rw-p 000dc000 08:05 261834     /usr/lib/i386-linux-gnu/dri/i965_dri.so
6ca99000-6ca9a000 rw-p 00000000 00:00 0 
6ca9a000-6caa5000 r-xp 00000000 08:05 264593     /usr/lib/i386-linux-gnu/libdrm.so.2.4.0
6caa5000-6caa6000 r--p 0000a000 08:05 264593     /usr/lib/i386-linux-gnu/libdrm.so.2.4.0
6caa6000-6caa7000 rw-p 0000b000 08:05 264593     /usr/lib/i386-linux-gnu/libdrm.so.2.4.0
6caa7000-6caf9000 r-xp 00000000 08:05 263192     /usr/lib/i386-linux-gnu/mesa/libGL.so.1.2
6caf9000-6cafb000 r--p 00051000 08:05 263192     /usr/lib/i386-linux-gnu/mesa/libGL.so.1.2
6cafb000-6cb00000 rwxp 00053000 08:05 263192     /usr/lib/i386-linux-gnu/mesa/libGL.so.1.2
6cb00000-6cbff000 rw-p 00000000 00:00 0 
6cbff000-6cc00000 ---p 00000000 00:00 0 
6cc01000-6cc09000 rw-s 26ed1000 00:05 7121       /dev/dri/card0
6cc09000-6cc1f000 r-xp 00000000 08:05 265298     /usr/lib/i386-linux-gnu/libxcb-glx.so.0.0.0
6cc1f000-6cc20000 r--p 00016000 08:05 265298     /usr/lib/i386-linux-gnu/libxcb-glx.so.0.0.0
6cc20000-6cc21000 rw-p 00017000 08:05 265298     /usr/lib/i386-linux-gnu/libxcb-glx.so.0.0.0
6cc21000-6cc30000 r-xp 00000000 08:05 263313     /usr/lib/i386-linux-gnu/libglapi.so.0.0.0
6cc30000-6cc32000 r--p 0000f000 08:05 263313     /usr/lib/i386-linux-gnu/libglapi.so.0.0.0
6cc32000-6cc37000 rwxp 00011000 08:05 263313     /usr/lib/i386-linux-gnu/libglapi.so.0.0.0
6cc37000-6cc94000 r-xp 00000000 08:05 2141327    /home/michael/Desktop/programs/JavaPrograms/PewPew/natives/liblwjgl.so
6cc94000-6cc95000 r--p 0005c000 08:05 2141327    /home/michael/Desktop/programs/JavaPrograms/PewPew/natives/liblwjgl.so
6cc95000-6cc96000 rw-p 0005d000 08:05 2141327    /home/michael/Desktop/programs/JavaPrograms/PewPew/natives/liblwjgl.so
6cc96000-6cc97000 r-xp 00000000 08:05 754097     /usr/lib/jvm/java-7-oracle/jre/lib/i386/libjawt.so
6cc97000-6cc98000 rw-p 00000000 08:05 754097     /usr/lib/jvm/java-7-oracle/jre/lib/i386/libjawt.so
6cc98000-6ccf8000 r-xp 00000000 08:05 754156     /usr/lib/jvm/java-7-oracle/jre/lib/i386/libt2k.so
6ccf8000-6ccfc000 rw-p 0005f000 08:05 754156     /usr/lib/jvm/java-7-oracle/jre/lib/i386/libt2k.so
6ccfc000-6cd00000 rw-p 00000000 00:00 0 
6cd00000-6cd4b000 rw-p 00000000 00:00 0 
6cd4b000-6ce00000 ---p 00000000 00:00 0 
6ce00000-6ce05000 r-xp 00000000 08:05 266235     /usr/lib/i386-linux-gnu/libasyncns.so.0.3.1
6ce05000-6ce06000 r--p 00004000 08:05 266235     /usr/lib/i386-linux-gnu/libasyncns.so.0.3.1
6ce06000-6ce07000 rw-p 00005000 08:05 266235     /usr/lib/i386-linux-gnu/libasyncns.so.0.3.1
6ce07000-6ce0b000 r-xp 00000000 08:05 266216     /usr/lib/i386-linux-gnu/libXxf86vm.so.1.0.0
6ce0b000-6ce0c000 r--p 00003000 08:05 266216     /usr/lib/i386-linux-gnu/libXxf86vm.so.1.0.0
6ce0c000-6ce0d000 rw-p 00004000 08:05 266216     /usr/lib/i386-linux-gnu/libXxf86vm.so.1.0.0
6ce11000-6ce19000 rw-s 26ec9000 00:05 7121       /dev/dri/card0
6ce19000-6ce21000 rw-s 26ec1000 00:05 7121       /dev/dri/card0
6ce21000-6ce24000 r-xp 00000000 08:05 2141325    /home/michael/Desktop/programs/JavaPrograms/PewPew/natives/libjinput-linux.so
6ce24000-6ce25000 r--p 00002000 08:05 2141325    /home/michael/Desktop/programs/JavaPrograms/PewPew/natives/libjinput-linux.so
6ce25000-6ce26000 rw-p 00003000 08:05 2141325    /home/michael/Desktop/programs/JavaPrograms/PewPew/natives/libjinput-linux.so
6ce26000-6ce2d000 r-xp 00000000 08:05 266210     /usr/lib/i386-linux-gnu/libXrandr.so.2.2.0
6ce2d000-6ce2e000 r--p 00006000 08:05 266210     /usr/lib/i386-linux-gnu/libXrandr.so.2.2.0
6ce2e000-6ce2f000 rw-p 00007000 08:05 266210     /usr/lib/i386-linux-gnu/libXrandr.so.2.2.0
6ce2f000-6ce32000 ---p 00000000 00:00 0 
6ce32000-6ce48000 rw-p 00000000 00:00 0 
6ce48000-6ce56000 r-xp 00000000 08:05 754145     /usr/lib/jvm/java-7-oracle/jre/lib/i386/libnio.so
6ce56000-6ce57000 rw-p 0000e000 08:05 754145     /usr/lib/jvm/java-7-oracle/jre/lib/i386/libnio.so
6ce57000-6ce73000 r-xp 00000000 08:05 1178406    /lib/i386-linux-gnu/libgcc_s.so.1
6ce73000-6ce74000 r--p 0001b000 08:05 1178406    /lib/i386-linux-gnu/libgcc_s.so.1
6ce74000-6ce75000 rw-p 0001c000 08:05 1178406    /lib/i386-linux-gnu/libgcc_s.so.1
6ce75000-6ce76000 r-xp 00000000 08:05 263583     /usr/lib/i386-linux-gnu/libX11-xcb.so.1.0.0
6ce76000-6ce77000 r--p 00000000 08:05 263583     /usr/lib/i386-linux-gnu/libX11-xcb.so.1.0.0
6ce77000-6ce78000 rw-p 00001000 08:05 263583     /usr/lib/i386-linux-gnu/libX11-xcb.so.1.0.0
6ce78000-6ce8d000 r-xp 00000000 08:05 754148     /usr/lib/jvm/java-7-oracle/jre/lib/i386/libnet.so
6ce8d000-6ce8e000 rw-p 00014000 08:05 754148     /usr/lib/jvm/java-7-oracle/jre/lib/i386/libnet.so
6ce8e000-6ceea000 r-xp 00000000 08:05 754101     /usr/lib/jvm/java-7-oracle/jre/lib/i386/libfontmanager.so
6ceea000-6ceed000 rw-p 0005b000 08:05 754101     /usr/lib/jvm/java-7-oracle/jre/lib/i386/libfontmanager.so
6ceed000-6cef1000 rw-p 00000000 00:00 0 
6cef1000-6d17f000 rw-s 00000000 00:04 45940748   /SYSV00000000 (deleted)
6d17f000-6d182000 ---p 00000000 00:00 0 
6d182000-6d1d0000 rw-p 00000000 00:00 0 
6d1d0000-6d1d3000 ---p 00000000 00:00 0 
6d1d3000-6d221000 rw-p 00000000 00:00 0 
6d221000-6d224000 ---p 00000000 00:00 0 
6d224000-6d272000 rw-p 00000000 00:00 0 
6d272000-6d275000 ---p 00000000 00:00 0 
6d275000-6d2c3000 rw-p 00000000 00:00 0 
6d2c3000-6d2c7000 r-xp 00000000 08:05 266190     /usr/lib/i386-linux-gnu/libXfixes.so.3.1.0
6d2c7000-6d2c8000 r--p 00004000 08:05 266190     /usr/lib/i386-linux-gnu/libXfixes.so.3.1.0
6d2c8000-6d2c9000 rw-p 00005000 08:05 266190     /usr/lib/i386-linux-gnu/libXfixes.so.3.1.0
6d2c9000-6d2d2000 r-xp 00000000 08:05 266772     /usr/lib/i386-linux-gnu/libXcursor.so.1.0.2
6d2d2000-6d2d3000 r--p 00008000 08:05 266772     /usr/lib/i386-linux-gnu/libXcursor.so.1.0.2
6d2d3000-6d2d4000 rw-p 00009000 08:05 266772     /usr/lib/i386-linux-gnu/libXcursor.so.1.0.2
6d2d4000-6d2d7000 ---p 00000000 00:00 0 
6d2d7000-6d325000 rw-p 00000000 00:00 0 
6d325000-6d32a000 r-xp 00000000 08:05 266189     /usr/lib/i386-linux-gnu/libXdmcp.so.6.0.0
6d32a000-6d32b000 r--p 00004000 08:05 266189     /usr/lib/i386-linux-gnu/libXdmcp.so.6.0.0
6d32b000-6d32c000 rw-p 00005000 08:05 266189     /usr/lib/i386-linux-gnu/libXdmcp.so.6.0.0
6d32c000-6d34b000 r-xp 00000000 08:05 263575     /usr/lib/i386-linux-gnu/libxcb.so.1.1.0
6d34b000-6d34c000 r--p 0001f000 08:05 263575     /usr/lib/i386-linux-gnu/libxcb.so.1.1.0
6d34c000-6d34d000 rw-p 00020000 08:05 263575     /usr/lib/i386-linux-gnu/libxcb.so.1.1.0
6d34d000-6d35b000 r-xp 00000000 08:05 266184     /usr/lib/i386-linux-gnu/libXi.so.6.1.0
6d35b000-6d35c000 r--p 0000d000 08:05 266184     /usr/lib/i386-linux-gnu/libXi.so.6.1.0
6d35c000-6d35d000 rw-p 0000e000 08:05 266184     /usr/lib/i386-linux-gnu/libXi.so.6.1.0
6d35d000-6d362000 r-xp 00000000 08:05 266212     /usr/lib/i386-linux-gnu/libXtst.so.6.1.0
6d362000-6d363000 r--p 00004000 08:05 266212     /usr/lib/i386-linux-gnu/libXtst.so.6.1.0
6d363000-6d364000 rw-p 00005000 08:05 266212     /usr/lib/i386-linux-gnu/libXtst.so.6.1.0
6d364000-6d36c000 r-xp 00000000 08:05 266192     /usr/lib/i386-linux-gnu/libXrender.so.1.3.0
6d36c000-6d36d000 r--p 00007000 08:05 266192     /usr/lib/i386-linux-gnu/libXrender.so.1.3.0
6d36d000-6d36e000 rw-p 00008000 08:05 266192     /usr/lib/i386-linux-gnu/libXrender.so.1.3.0
6d36e000-6d49e000 r-xp 00000000 08:05 263577     /usr/lib/i386-linux-gnu/libX11.so.6.3.0
6d49e000-6d49f000 r--p 0012f000 08:05 263577     /usr/lib/i386-linux-gnu/libX11.so.6.3.0
6d49f000-6d4a1000 rw-p 00130000 08:05 263577     /usr/lib/i386-linux-gnu/libX11.so.6.3.0
6d4a1000-6d4a2000 rw-p 00000000 00:00 0 
6d4a2000-6d4b2000 r-xp 00000000 08:05 266175     /usr/lib/i386-linux-gnu/libXext.so.6.4.0
6d4b2000-6d4b3000 r--p 0000f000 08:05 266175     /usr/lib/i386-linux-gnu/libXext.so.6.4.0
6d4b3000-6d4b4000 rw-p 00010000 08:05 266175     /usr/lib/i386-linux-gnu/libXext.so.6.4.0
6d4b4000-6d4fd000 r-xp 00000000 08:05 754127     /usr/lib/jvm/java-7-oracle/jre/lib/i386/xawt/libmawt.so
6d4fd000-6d4ff000 rw-p 00049000 08:05 754127     /usr/lib/jvm/java-7-oracle/jre/lib/i386/xawt/libmawt.so
6d4ff000-6d500000 rw-p 00000000 00:00 0 
6d500000-6d5fa000 rw-p 00000000 00:00 0 
6d5fa000-6d600000 ---p 00000000 00:00 0 
6d600000-6d601000 r--p 00000000 08:05 667669     /usr/share/locale-langpack/en_CA/LC_MESSAGES/pulseaudio.mo
6d601000-6d603000 r-xp 00000000 08:05 266178     /usr/lib/i386-linux-gnu/libXau.so.6.0.0
6d603000-6d604000 r--p 00001000 08:05 266178     /usr/lib/i386-linux-gnu/libXau.so.6.0.0
6d604000-6d605000 rw-p 00002000 08:05 266178     /usr/lib/i386-linux-gnu/libXau.so.6.0.0
6d605000-6d607000 r-xp 00000000 08:05 266187     /usr/lib/i386-linux-gnu/libXdamage.so.1.1.0
6d607000-6d608000 r--p 00001000 08:05 266187     /usr/lib/i386-linux-gnu/libXdamage.so.1.1.0
6d608000-6d609000 rw-p 00002000 08:05 266187     /usr/lib/i386-linux-gnu/libXdamage.so.1.1.0
6d609000-6d61e000 rw-s 00000000 00:04 45973517   /SYSV00000000 (deleted)
6d61e000-6d6a4000 r-xp 00000000 08:05 754103     /usr/lib/jvm/java-7-oracle/jre/lib/i386/libawt.so
6d6a4000-6d6ab000 rw-p 00086000 08:05 754103     /usr/lib/jvm/java-7-oracle/jre/lib/i386/libawt.so
6d6ab000-6d6cf000 rw-p 00000000 00:00 0 
6d6cf000-6d6da000 r--s 0037c000 08:05 754194     /usr/lib/jvm/java-7-oracle/jre/lib/charsets.jar
6d6da000-6d6e8000 r--s 000e3000 08:05 2141263    /home/michael/Desktop/programs/JavaPrograms/PewPew/lib/lwjgl.jar
6d6e8000-6d6e9000 ---p 00000000 00:00 0 
6d6e9000-6d769000 rw-p 00000000 00:00 0 
6d769000-6d76c000 ---p 00000000 00:00 0 
6d76c000-6d7ba000 rw-p 00000000 00:00 0 
6d7ba000-6d7bd000 ---p 00000000 00:00 0 
6d7bd000-6d83b000 rw-p 00000000 00:00 0 
6d83b000-6d83e000 ---p 00000000 00:00 0 
6d83e000-6d8bc000 rw-p 00000000 00:00 0 
6d8bc000-6d8bf000 ---p 00000000 00:00 0 
6d8bf000-6d90d000 rw-p 00000000 00:00 0 
6d90d000-6d910000 ---p 00000000 00:00 0 
6d910000-6d95e000 rw-p 00000000 00:00 0 
6d95e000-6d961000 ---p 00000000 00:00 0 
6d961000-6d9af000 rw-p 00000000 00:00 0 
6d9af000-6d9b2000 ---p 00000000 00:00 0 
6d9b2000-6da00000 rw-p 00000000 00:00 0 
6da00000-6dafd000 rw-p 00000000 00:00 0 
6dafd000-6db00000 ---p 00000000 00:00 0 
6db00000-6db0b000 r--s 000af000 08:05 2141282    /home/michael/Desktop/programs/JavaPrograms/PewPew/lib/slick.jar
6db0b000-6db10000 r--s 00030000 08:05 2141261    /home/michael/Desktop/programs/JavaPrograms/PewPew/lib/jinput.jar
6db10000-6db11000 ---p 00000000 00:00 0 
6db11000-6dbdc000 rw-p 00000000 00:00 0 
6dbdc000-6dd98000 r--s 039b2000 08:05 753511     /usr/lib/jvm/java-7-oracle/jre/lib/rt.jar
6dd98000-70300000 rw-p 00000000 00:00 0 
70300000-70321000 rw-p 00000000 00:00 0 
70321000-70400000 ---p 00000000 00:00 0 
70400000-70401000 r--s 00001000 08:05 2141284    /home/michael/Desktop/programs/JavaPrograms/PewPew/lib/jogg-0.0.7.jar
70401000-70403000 r--s 0000d000 08:05 2141285    /home/michael/Desktop/programs/JavaPrograms/PewPew/lib/jorbis-0.0.15.jar
70403000-70406000 ---p 00000000 00:00 0 
70406000-70454000 rw-p 00000000 00:00 0 
70454000-70457000 ---p 00000000 00:00 0 
70457000-70500000 rw-p 00000000 00:00 0 
70500000-705d9000 rw-p 00000000 00:00 0 
705d9000-70600000 ---p 00000000 00:00 0 
70600000-70602000 r--s 0001a000 08:05 2141283    /home/michael/Desktop/programs/JavaPrograms/PewPew/lib/slick-util.jar
70602000-7061b000 rw-p 00000000 00:00 0 
7061b000-7061c000 ---p 00000000 00:00 0 
7061c000-7069c000 rw-p 00000000 00:00 0 
7069c000-7069d000 ---p 00000000 00:00 0 
7069d000-70732000 rw-p 00000000 00:00 0 
70732000-7086b000 rw-p 00000000 00:00 0 
7086b000-70873000 rw-p 00000000 00:00 0 
70873000-7088b000 rw-p 00000000 00:00 0 
7088b000-708a0000 rw-p 00000000 00:00 0 
708a0000-709d8000 rw-p 00000000 00:00 0 
709d8000-709e3000 rw-p 00000000 00:00 0 
709e3000-70a7f000 rw-p 00000000 00:00 0 
70a7f000-71a80000 rw-p 00000000 00:00 0 
71a80000-74a80000 rw-p 00000000 00:00 0 
74a80000-77400000 rw-p 00000000 00:00 0 
77400000-9e500000 rw-p 00000000 00:00 0 
9e500000-9fa00000 rw-p 00000000 00:00 0 
9fa00000-b3280000 rw-p 00000000 00:00 0 
b3280000-b3284000 r--s 00027000 08:05 2141280    /home/michael/Desktop/programs/JavaPrograms/PewPew/lib/lwjgl_util.jar
b3284000-b3287000 r-xp 00000000 08:05 754149     /usr/lib/jvm/java-7-oracle/jre/lib/i386/libdt_socket.so
b3287000-b3288000 rw-p 00003000 08:05 754149     /usr/lib/jvm/java-7-oracle/jre/lib/i386/libdt_socket.so
b3288000-b328f000 r--s 00000000 08:05 269823     /usr/lib/i386-linux-gnu/gconv/gconv-modules.cache
b328f000-b3297000 rw-p 00000000 00:00 0 
b3297000-b32af000 rw-p 00000000 00:00 0 
b32af000-b32b8000 rw-p 00000000 00:00 0 
b32b8000-b336f000 rw-p 00000000 00:00 0 
b336f000-b35af000 rwxp 00000000 00:00 0 
b35af000-b636f000 rw-p 00000000 00:00 0 
b636f000-b637a000 r-xp 00000000 08:05 1237120    /lib/i386-linux-gnu/libnss_files-2.15.so
b637a000-b637b000 r--p 0000a000 08:05 1237120    /lib/i386-linux-gnu/libnss_files-2.15.so
b637b000-b637c000 rw-p 0000b000 08:05 1237120    /lib/i386-linux-gnu/libnss_files-2.15.so
b637c000-b6392000 r-xp 00000000 08:05 1237106    /lib/i386-linux-gnu/libnsl-2.15.so
b6392000-b6393000 r--p 00015000 08:05 1237106    /lib/i386-linux-gnu/libnsl-2.15.so
b6393000-b6394000 rw-p 00016000 08:05 1237106    /lib/i386-linux-gnu/libnsl-2.15.so
b6394000-b6396000 rw-p 00000000 00:00 0 
b6396000-b64c8000 r--p 004a5000 08:05 268866     /usr/lib/locale/locale-archive
b64c8000-b66c8000 r--p 00000000 08:05 268866     /usr/lib/locale/locale-archive
b66c8000-b66ff000 r-xp 00000000 08:05 754095     /usr/lib/jvm/java-7-oracle/jre/lib/i386/libjdwp.so
b66ff000-b6700000 rw-p 00037000 08:05 754095     /usr/lib/jvm/java-7-oracle/jre/lib/i386/libjdwp.so
b6700000-b67f4000 rw-p 00000000 00:00 0 
b67f4000-b6800000 ---p 00000000 00:00 0 
b6800000-b6801000 rw-s 00000000 00:04 142633     /drm mm object (deleted)
b6801000-b680b000 r-xp 00000000 08:05 1237119    /lib/i386-linux-gnu/libnss_nis-2.15.so
b680b000-b680c000 r--p 00009000 08:05 1237119    /lib/i386-linux-gnu/libnss_nis-2.15.so
b680c000-b680d000 rw-p 0000a000 08:05 1237119    /lib/i386-linux-gnu/libnss_nis-2.15.so
b680d000-b6814000 r-xp 00000000 08:05 1237121    /lib/i386-linux-gnu/libnss_compat-2.15.so
b6814000-b6815000 r--p 00006000 08:05 1237121    /lib/i386-linux-gnu/libnss_compat-2.15.so
b6815000-b6816000 rw-p 00007000 08:05 1237121    /lib/i386-linux-gnu/libnss_compat-2.15.so
b6816000-b6817000 rwxp 00000000 00:00 0 
b6817000-b682e000 r-xp 00000000 08:05 754098     /usr/lib/jvm/java-7-oracle/jre/lib/i386/libzip.so
b682e000-b682f000 rw-p 00017000 08:05 754098     /usr/lib/jvm/java-7-oracle/jre/lib/i386/libzip.so
b682f000-b6852000 r-xp 00000000 08:05 754123     /usr/lib/jvm/java-7-oracle/jre/lib/i386/libjava.so
b6852000-b6853000 rw-p 00022000 08:05 754123     /usr/lib/jvm/java-7-oracle/jre/lib/i386/libjava.so
b6853000-b685a000 r-xp 00000000 08:05 1237114    /lib/i386-linux-gnu/librt-2.15.so
b685a000-b685b000 r--p 00006000 08:05 1237114    /lib/i386-linux-gnu/librt-2.15.so
b685b000-b685c000 rw-p 00007000 08:05 1237114    /lib/i386-linux-gnu/librt-2.15.so
b685c000-b685f000 ---p 00000000 00:00 0 
b685f000-b68ad000 rw-p 00000000 00:00 0 
b68ad000-b68d7000 r-xp 00000000 08:05 1237118    /lib/i386-linux-gnu/libm-2.15.so
b68d7000-b68d8000 r--p 00029000 08:05 1237118    /lib/i386-linux-gnu/libm-2.15.so
b68d8000-b68d9000 rw-p 0002a000 08:05 1237118    /lib/i386-linux-gnu/libm-2.15.so
b68d9000-b7150000 r-xp 00000000 08:05 754113     /usr/lib/jvm/java-7-oracle/jre/lib/i386/server/libjvm.so
b7150000-b71b5000 rw-p 00876000 08:05 754113     /usr/lib/jvm/java-7-oracle/jre/lib/i386/server/libjvm.so
b71b5000-b75d8000 rw-p 00000000 00:00 0 
b75d8000-b777c000 r-xp 00000000 08:05 1237123    /lib/i386-linux-gnu/libc-2.15.so
b777c000-b777e000 r--p 001a4000 08:05 1237123    /lib/i386-linux-gnu/libc-2.15.so
b777e000-b777f000 rw-p 001a6000 08:05 1237123    /lib/i386-linux-gnu/libc-2.15.so
b777f000-b7782000 rw-p 00000000 00:00 0 
b7782000-b7785000 r-xp 00000000 08:05 1237122    /lib/i386-linux-gnu/libdl-2.15.so
b7785000-b7786000 r--p 00002000 08:05 1237122    /lib/i386-linux-gnu/libdl-2.15.so
b7786000-b7787000 rw-p 00003000 08:05 1237122    /lib/i386-linux-gnu/libdl-2.15.so
b7787000-b7788000 rw-p 00000000 00:00 0 
b7788000-b779b000 r-xp 00000000 08:05 754757     /usr/lib/jvm/java-7-oracle/lib/i386/jli/libjli.so
b779b000-b779c000 rw-p 00012000 08:05 754757     /usr/lib/jvm/java-7-oracle/lib/i386/jli/libjli.so
b779c000-b77b3000 r-xp 00000000 08:05 1237112    /lib/i386-linux-gnu/libpthread-2.15.so
b77b3000-b77b4000 r--p 00016000 08:05 1237112    /lib/i386-linux-gnu/libpthread-2.15.so
b77b4000-b77b5000 rw-p 00017000 08:05 1237112    /lib/i386-linux-gnu/libpthread-2.15.so
b77b5000-b77b7000 rw-p 00000000 00:00 0 
b77b7000-b77bf000 rw-s 00000000 08:05 2137593    /tmp/hsperfdata_michael/10177
b77bf000-b77c1000 r-xp 00000000 08:05 754153     /usr/lib/jvm/java-7-oracle/jre/lib/i386/libnpt.so
b77c1000-b77c2000 rw-p 00002000 08:05 754153     /usr/lib/jvm/java-7-oracle/jre/lib/i386/libnpt.so
b77c2000-b77c3000 rw-p 00000000 00:00 0 
b77c3000-b77c4000 r--p 00000000 00:00 0 
b77c4000-b77cf000 r-xp 00000000 08:05 754109     /usr/lib/jvm/java-7-oracle/jre/lib/i386/libverify.so
b77cf000-b77d0000 rw-p 0000b000 08:05 754109     /usr/lib/jvm/java-7-oracle/jre/lib/i386/libverify.so
b77d0000-b77d2000 rw-p 00000000 00:00 0 
b77d2000-b77d3000 r-xp 00000000 00:00 0          [vdso]
b77d3000-b77f3000 r-xp 00000000 08:05 1237113    /lib/i386-linux-gnu/ld-2.15.so
b77f3000-b77f4000 r--p 0001f000 08:05 1237113    /lib/i386-linux-gnu/ld-2.15.so
b77f4000-b77f5000 rw-p 00020000 08:05 1237113    /lib/i386-linux-gnu/ld-2.15.so
bfa8a000-bfaab000 rw-p 00000000 00:00 0          [stack]

VM Arguments:
jvm_args: -Xdebug -Xrunjdwp:transport=dt_socket,address=localhost:37479 -Dfile.encoding=UTF-8 -Djava.library.path=./natives 
java_command: pewpew.PewPew
Launcher Type: SUN_STANDARD

Environment Variables:
PATH=/usr/lib/lightdm/lightdm:/usr/local/sbin:/usr/local/bin:/usr/sbin:/usr/bin:/sbin:/bin:/usr/games
SHELL=/bin/bash
DISPLAY=:0

Signal Handlers:
SIGSEGV: [libjvm.so+0x7dd350], sa_mask[0]=0x7ffbfeff, sa_flags=0x10000004
SIGBUS: [libjvm.so+0x7dd350], sa_mask[0]=0x7ffbfeff, sa_flags=0x10000004
SIGFPE: [libjvm.so+0x678b60], sa_mask[0]=0x7ffbfeff, sa_flags=0x10000004
SIGPIPE: [libjvm.so+0x678b60], sa_mask[0]=0x7ffbfeff, sa_flags=0x10000004
SIGXFSZ: [libjvm.so+0x678b60], sa_mask[0]=0x7ffbfeff, sa_flags=0x10000004
SIGILL: [libjvm.so+0x678b60], sa_mask[0]=0x7ffbfeff, sa_flags=0x10000004
SIGUSR1: SIG_DFL, sa_mask[0]=0x00000000, sa_flags=0x00000000
SIGUSR2: [libjvm.so+0x67a050], sa_mask[0]=0x00000004, sa_flags=0x10000004
SIGHUP: [libjvm.so+0x67b1a0], sa_mask[0]=0x7ffbfeff, sa_flags=0x10000004
SIGINT: SIG_IGN, sa_mask[0]=0x00000000, sa_flags=0x00000000
SIGTERM: [libjvm.so+0x67b1a0], sa_mask[0]=0x7ffbfeff, sa_flags=0x10000004
SIGQUIT: [libjvm.so+0x67b1a0], sa_mask[0]=0x7ffbfeff, sa_flags=0x10000004


---------------  S Y S T E M  ---------------

OS:wheezy/sid

uname:Linux 3.2.0-55-generic-pae #85-Ubuntu SMP Wed Oct 2 14:03:15 UTC 2013 i686
libc:glibc 2.15 NPTL 2.15 
rlimit: STACK 8192k, CORE 0k, NPROC 31852, NOFILE 4096, AS infinity
load average:0.93 0.52 0.73

/proc/meminfo:
MemTotal:        4091732 kB
MemFree:         2145560 kB
Buffers:          107680 kB
Cached:          1049608 kB
SwapCached:            0 kB
Active:           919632 kB
Inactive:         908852 kB
Active(anon):     672992 kB
Inactive(anon):   160788 kB
Active(file):     246640 kB
Inactive(file):   748064 kB
Unevictable:          48 kB
Mlocked:              48 kB
HighTotal:       3244732 kB
HighFree:        1510872 kB
LowTotal:         847000 kB
LowFree:          634688 kB
SwapTotal:       1657852 kB
SwapFree:        1657852 kB
Dirty:               288 kB
Writeback:             0 kB
AnonPages:        671388 kB
Mapped:           104980 kB
Shmem:            162588 kB
Slab:              54676 kB
SReclaimable:      34904 kB
SUnreclaim:        19772 kB
KernelStack:        3200 kB
PageTables:         7964 kB
NFS_Unstable:          0 kB
Bounce:                0 kB
WritebackTmp:          0 kB
CommitLimit:     3703716 kB
Committed_AS:    2724340 kB
VmallocTotal:     122880 kB
VmallocUsed:       17936 kB
VmallocChunk:     101380 kB
HardwareCorrupted:     0 kB
AnonHugePages:         0 kB
HugePages_Total:       0
HugePages_Free:        0
HugePages_Rsvd:        0
HugePages_Surp:        0
Hugepagesize:       2048 kB
DirectMap4k:       10232 kB
DirectMap2M:      903168 kB


CPU:total 2 (2 cores per cpu, 1 threads per core) family 6 model 23 stepping 10, cmov, cx8, fxsr, mmx, sse, sse2, sse3, ssse3, sse4.1, tsc

/proc/cpuinfo:
processor	: 0
vendor_id	: GenuineIntel
cpu family	: 6
model		: 23
model name	: Intel(R) Core(TM)2 Duo CPU     P8700  @ 2.53GHz
stepping	: 10
microcode	: 0xa07
cpu MHz		: 2535.000
cache size	: 3072 KB
physical id	: 0
siblings	: 2
core id		: 0
cpu cores	: 2
apicid		: 0
initial apicid	: 0
fdiv_bug	: no
hlt_bug		: no
f00f_bug	: no
coma_bug	: no
fpu		: yes
fpu_exception	: yes
cpuid level	: 13
wp		: yes
flags		: fpu vme de pse tsc msr pae mce cx8 apic sep mtrr pge mca cmov pat pse36 clflush dts acpi mmx fxsr sse sse2 ss ht tm pbe nx lm constant_tsc arch_perfmon pebs bts aperfmperf pni dtes64 monitor ds_cpl vmx smx est tm2 ssse3 cx16 xtpr pdcm sse4_1 xsave lahf_lm ida dtherm tpr_shadow vnmi flexpriority
bogomips	: 5054.14
clflush size	: 64
cache_alignment	: 64
address sizes	: 36 bits physical, 48 bits virtual
power management:

processor	: 1
vendor_id	: GenuineIntel
cpu family	: 6
model		: 23
model name	: Intel(R) Core(TM)2 Duo CPU     P8700  @ 2.53GHz
stepping	: 10
microcode	: 0xa07
cpu MHz		: 2535.000
cache size	: 3072 KB
physical id	: 0
siblings	: 2
core id		: 1
cpu cores	: 2
apicid		: 1
initial apicid	: 1
fdiv_bug	: no
hlt_bug		: no
f00f_bug	: no
coma_bug	: no
fpu		: yes
fpu_exception	: yes
cpuid level	: 13
wp		: yes
flags		: fpu vme de pse tsc msr pae mce cx8 apic sep mtrr pge mca cmov pat pse36 clflush dts acpi mmx fxsr sse sse2 ss ht tm pbe nx lm constant_tsc arch_perfmon pebs bts aperfmperf pni dtes64 monitor ds_cpl vmx smx est tm2 ssse3 cx16 xtpr pdcm sse4_1 xsave lahf_lm ida dtherm tpr_shadow vnmi flexpriority
bogomips	: 5053.96
clflush size	: 64
cache_alignment	: 64
address sizes	: 36 bits physical, 48 bits virtual
power management:



Memory: 4k page, physical 4091732k(2145560k free), swap 1657852k(1657852k free)

vm_info: Java HotSpot(TM) Server VM (24.45-b08) for linux-x86 JRE (1.7.0_45-b18), built on Oct  8 2013 05:44:51 by "java_re" with gcc 4.3.0 20080428 (Red Hat 4.3.0-8)

time: Mon Oct 28 15:47:10 2013
elapsed time: 2 seconds

